<?xml version="1.0" encoding="UTF-8"?>
<!-- Generated by org.testng.reporters.JUnitXMLReporter -->
<testsuite hostname="DESKTOP-NCVBLRV" name="Default test" tests="28" failures="9" timestamp="13 Dec 2018 04:00:36 GMT" time="6.277" errors="0">
  <testcase name="f" time="1.44" classname="com.lemon.api.auto.testCase.AllTestCase">
    <failure type="java.lang.AssertionError" message="expected [{&amp;quot;status&amp;quot;:1,&amp;quot;code&amp;quot;:&amp;quot;10001&amp;quot;,&amp;quot;data&amp;quot;:null,&amp;quot;msg&amp;quot;:&amp;quot;注册成功&amp;quot;}] but found [{&amp;quot;status&amp;quot;:0,&amp;quot;code&amp;quot;:&amp;quot;20110&amp;quot;,&amp;quot;data&amp;quot;:null,&amp;quot;msg&amp;quot;:&amp;quot;手机号码已被注册&amp;quot;}]">
      <![CDATA[java.lang.AssertionError: expected [{"status":1,"code":"10001","data":null,"msg":"注册成功"}] but found [{"status":0,"code":"20110","data":null,"msg":"手机号码已被注册"}]
	at org.testng.Assert.fail(Assert.java:94)
	at org.testng.Assert.failNotEquals(Assert.java:494)
	at org.testng.Assert.assertEquals(Assert.java:123)
	at org.testng.Assert.assertEquals(Assert.java:176)
	at org.testng.Assert.assertEquals(Assert.java:186)
	at com.lemon.api.auto.testCase.AllTestCase.f(AllTestCase.java:125)
	at sun.reflect.NativeMethodAccessorImpl.invoke0(Native Method)
	at sun.reflect.NativeMethodAccessorImpl.invoke(Unknown Source)
	at sun.reflect.DelegatingMethodAccessorImpl.invoke(Unknown Source)
	at java.lang.reflect.Method.invoke(Unknown Source)
	at org.testng.internal.MethodInvocationHelper.invokeMethod(MethodInvocationHelper.java:84)
	at org.testng.internal.Invoker.invokeMethod(Invoker.java:714)
	at org.testng.internal.Invoker.invokeTestMethod(Invoker.java:901)
	at org.testng.internal.Invoker.invokeTestMethods(Invoker.java:1231)
	at org.testng.internal.TestMethodWorker.invokeTestMethods(TestMethodWorker.java:127)
	at org.testng.internal.TestMethodWorker.run(TestMethodWorker.java:111)
	at org.testng.TestRunner.privateRun(TestRunner.java:767)
	at org.testng.TestRunner.run(TestRunner.java:617)
	at org.testng.SuiteRunner.runTest(SuiteRunner.java:348)
	at org.testng.SuiteRunner.runSequentially(SuiteRunner.java:343)
	at org.testng.SuiteRunner.privateRun(SuiteRunner.java:305)
	at org.testng.SuiteRunner.run(SuiteRunner.java:254)
	at org.testng.SuiteRunnerWorker.runSuite(SuiteRunnerWorker.java:52)
	at org.testng.SuiteRunnerWorker.run(SuiteRunnerWorker.java:86)
	at org.testng.TestNG.runSuitesSequentially(TestNG.java:1224)
	at org.testng.TestNG.runSuitesLocally(TestNG.java:1149)
	at org.testng.TestNG.run(TestNG.java:1057)
	at org.testng.remote.RemoteTestNG.run(RemoteTestNG.java:111)
	at org.testng.remote.RemoteTestNG.initAndRun(RemoteTestNG.java:204)
	at org.testng.remote.RemoteTestNG.main(RemoteTestNG.java:175)
]]>
    </failure>
  </testcase> <!-- f -->
  <testcase name="f" time="0.119" classname="com.lemon.api.auto.testCase.AllTestCase"/>
  <testcase name="f" time="0.028" classname="com.lemon.api.auto.testCase.AllTestCase"/>
  <testcase name="f" time="0.034" classname="com.lemon.api.auto.testCase.AllTestCase"/>
  <testcase name="f" time="0.043" classname="com.lemon.api.auto.testCase.AllTestCase"/>
  <testcase name="f" time="0.024" classname="com.lemon.api.auto.testCase.AllTestCase"/>
  <testcase name="f" time="0.039" classname="com.lemon.api.auto.testCase.AllTestCase"/>
  <testcase name="f" time="0.057" classname="com.lemon.api.auto.testCase.AllTestCase"/>
  <testcase name="f" time="0.031" classname="com.lemon.api.auto.testCase.AllTestCase">
    <failure type="java.lang.AssertionError" message="expected [{&amp;quot;status&amp;quot;:0,&amp;quot;code&amp;quot;:&amp;quot;20103&amp;quot;,data:null,&amp;quot;msg&amp;quot;:&amp;quot;手机号不能为空&amp;quot;}] but found [{&amp;quot;status&amp;quot;:0,&amp;quot;code&amp;quot;:&amp;quot;20103&amp;quot;,&amp;quot;data&amp;quot;:null,&amp;quot;msg&amp;quot;:&amp;quot;手机号不能为空&amp;quot;}]">
      <![CDATA[java.lang.AssertionError: expected [{"status":0,"code":"20103",data:null,"msg":"手机号不能为空"}] but found [{"status":0,"code":"20103","data":null,"msg":"手机号不能为空"}]
	at org.testng.Assert.fail(Assert.java:94)
	at org.testng.Assert.failNotEquals(Assert.java:494)
	at org.testng.Assert.assertEquals(Assert.java:123)
	at org.testng.Assert.assertEquals(Assert.java:176)
	at org.testng.Assert.assertEquals(Assert.java:186)
	at com.lemon.api.auto.testCase.AllTestCase.f(AllTestCase.java:125)
	at sun.reflect.NativeMethodAccessorImpl.invoke0(Native Method)
	at sun.reflect.NativeMethodAccessorImpl.invoke(Unknown Source)
	at sun.reflect.DelegatingMethodAccessorImpl.invoke(Unknown Source)
	at java.lang.reflect.Method.invoke(Unknown Source)
	at org.testng.internal.MethodInvocationHelper.invokeMethod(MethodInvocationHelper.java:84)
	at org.testng.internal.Invoker.invokeMethod(Invoker.java:714)
	at org.testng.internal.Invoker.invokeTestMethod(Invoker.java:901)
	at org.testng.internal.Invoker.invokeTestMethods(Invoker.java:1231)
	at org.testng.internal.TestMethodWorker.invokeTestMethods(TestMethodWorker.java:127)
	at org.testng.internal.TestMethodWorker.run(TestMethodWorker.java:111)
	at org.testng.TestRunner.privateRun(TestRunner.java:767)
	at org.testng.TestRunner.run(TestRunner.java:617)
	at org.testng.SuiteRunner.runTest(SuiteRunner.java:348)
	at org.testng.SuiteRunner.runSequentially(SuiteRunner.java:343)
	at org.testng.SuiteRunner.privateRun(SuiteRunner.java:305)
	at org.testng.SuiteRunner.run(SuiteRunner.java:254)
	at org.testng.SuiteRunnerWorker.runSuite(SuiteRunnerWorker.java:52)
	at org.testng.SuiteRunnerWorker.run(SuiteRunnerWorker.java:86)
	at org.testng.TestNG.runSuitesSequentially(TestNG.java:1224)
	at org.testng.TestNG.runSuitesLocally(TestNG.java:1149)
	at org.testng.TestNG.run(TestNG.java:1057)
	at org.testng.remote.RemoteTestNG.run(RemoteTestNG.java:111)
	at org.testng.remote.RemoteTestNG.initAndRun(RemoteTestNG.java:204)
	at org.testng.remote.RemoteTestNG.main(RemoteTestNG.java:175)
]]>
    </failure>
  </testcase> <!-- f -->
  <testcase name="f" time="0.034" classname="com.lemon.api.auto.testCase.AllTestCase">
    <failure type="java.lang.AssertionError" message="expected [{&amp;quot;status&amp;quot;:0,&amp;quot;code&amp;quot;:&amp;quot;20111&amp;quot;,data:null,&amp;quot;msg&amp;quot;:&amp;quot;用户名或密码错误&amp;quot;}] but found [{&amp;quot;status&amp;quot;:0,&amp;quot;code&amp;quot;:&amp;quot;20111&amp;quot;,&amp;quot;data&amp;quot;:null,&amp;quot;msg&amp;quot;:&amp;quot;用户名或密码错误&amp;quot;}]">
      <![CDATA[java.lang.AssertionError: expected [{"status":0,"code":"20111",data:null,"msg":"用户名或密码错误"}] but found [{"status":0,"code":"20111","data":null,"msg":"用户名或密码错误"}]
	at org.testng.Assert.fail(Assert.java:94)
	at org.testng.Assert.failNotEquals(Assert.java:494)
	at org.testng.Assert.assertEquals(Assert.java:123)
	at org.testng.Assert.assertEquals(Assert.java:176)
	at org.testng.Assert.assertEquals(Assert.java:186)
	at com.lemon.api.auto.testCase.AllTestCase.f(AllTestCase.java:125)
	at sun.reflect.NativeMethodAccessorImpl.invoke0(Native Method)
	at sun.reflect.NativeMethodAccessorImpl.invoke(Unknown Source)
	at sun.reflect.DelegatingMethodAccessorImpl.invoke(Unknown Source)
	at java.lang.reflect.Method.invoke(Unknown Source)
	at org.testng.internal.MethodInvocationHelper.invokeMethod(MethodInvocationHelper.java:84)
	at org.testng.internal.Invoker.invokeMethod(Invoker.java:714)
	at org.testng.internal.Invoker.invokeTestMethod(Invoker.java:901)
	at org.testng.internal.Invoker.invokeTestMethods(Invoker.java:1231)
	at org.testng.internal.TestMethodWorker.invokeTestMethods(TestMethodWorker.java:127)
	at org.testng.internal.TestMethodWorker.run(TestMethodWorker.java:111)
	at org.testng.TestRunner.privateRun(TestRunner.java:767)
	at org.testng.TestRunner.run(TestRunner.java:617)
	at org.testng.SuiteRunner.runTest(SuiteRunner.java:348)
	at org.testng.SuiteRunner.runSequentially(SuiteRunner.java:343)
	at org.testng.SuiteRunner.privateRun(SuiteRunner.java:305)
	at org.testng.SuiteRunner.run(SuiteRunner.java:254)
	at org.testng.SuiteRunnerWorker.runSuite(SuiteRunnerWorker.java:52)
	at org.testng.SuiteRunnerWorker.run(SuiteRunnerWorker.java:86)
	at org.testng.TestNG.runSuitesSequentially(TestNG.java:1224)
	at org.testng.TestNG.runSuitesLocally(TestNG.java:1149)
	at org.testng.TestNG.run(TestNG.java:1057)
	at org.testng.remote.RemoteTestNG.run(RemoteTestNG.java:111)
	at org.testng.remote.RemoteTestNG.initAndRun(RemoteTestNG.java:204)
	at org.testng.remote.RemoteTestNG.main(RemoteTestNG.java:175)
]]>
    </failure>
  </testcase> <!-- f -->
  <testcase name="f" time="0.026" classname="com.lemon.api.auto.testCase.AllTestCase">
    <failure type="java.lang.AssertionError" message="expected [{&amp;quot;status&amp;quot;:0,&amp;quot;code&amp;quot;:&amp;quot;20111&amp;quot;,data:null,&amp;quot;msg&amp;quot;:&amp;quot;用户名或密码错误&amp;quot;}] but found [{&amp;quot;status&amp;quot;:0,&amp;quot;code&amp;quot;:&amp;quot;20111&amp;quot;,&amp;quot;data&amp;quot;:null,&amp;quot;msg&amp;quot;:&amp;quot;用户名或密码错误&amp;quot;}]">
      <![CDATA[java.lang.AssertionError: expected [{"status":0,"code":"20111",data:null,"msg":"用户名或密码错误"}] but found [{"status":0,"code":"20111","data":null,"msg":"用户名或密码错误"}]
	at org.testng.Assert.fail(Assert.java:94)
	at org.testng.Assert.failNotEquals(Assert.java:494)
	at org.testng.Assert.assertEquals(Assert.java:123)
	at org.testng.Assert.assertEquals(Assert.java:176)
	at org.testng.Assert.assertEquals(Assert.java:186)
	at com.lemon.api.auto.testCase.AllTestCase.f(AllTestCase.java:125)
	at sun.reflect.NativeMethodAccessorImpl.invoke0(Native Method)
	at sun.reflect.NativeMethodAccessorImpl.invoke(Unknown Source)
	at sun.reflect.DelegatingMethodAccessorImpl.invoke(Unknown Source)
	at java.lang.reflect.Method.invoke(Unknown Source)
	at org.testng.internal.MethodInvocationHelper.invokeMethod(MethodInvocationHelper.java:84)
	at org.testng.internal.Invoker.invokeMethod(Invoker.java:714)
	at org.testng.internal.Invoker.invokeTestMethod(Invoker.java:901)
	at org.testng.internal.Invoker.invokeTestMethods(Invoker.java:1231)
	at org.testng.internal.TestMethodWorker.invokeTestMethods(TestMethodWorker.java:127)
	at org.testng.internal.TestMethodWorker.run(TestMethodWorker.java:111)
	at org.testng.TestRunner.privateRun(TestRunner.java:767)
	at org.testng.TestRunner.run(TestRunner.java:617)
	at org.testng.SuiteRunner.runTest(SuiteRunner.java:348)
	at org.testng.SuiteRunner.runSequentially(SuiteRunner.java:343)
	at org.testng.SuiteRunner.privateRun(SuiteRunner.java:305)
	at org.testng.SuiteRunner.run(SuiteRunner.java:254)
	at org.testng.SuiteRunnerWorker.runSuite(SuiteRunnerWorker.java:52)
	at org.testng.SuiteRunnerWorker.run(SuiteRunnerWorker.java:86)
	at org.testng.TestNG.runSuitesSequentially(TestNG.java:1224)
	at org.testng.TestNG.runSuitesLocally(TestNG.java:1149)
	at org.testng.TestNG.run(TestNG.java:1057)
	at org.testng.remote.RemoteTestNG.run(RemoteTestNG.java:111)
	at org.testng.remote.RemoteTestNG.initAndRun(RemoteTestNG.java:204)
	at org.testng.remote.RemoteTestNG.main(RemoteTestNG.java:175)
]]>
    </failure>
  </testcase> <!-- f -->
  <testcase name="f" time="0.037" classname="com.lemon.api.auto.testCase.AllTestCase"/>
  <testcase name="f" time="0.023" classname="com.lemon.api.auto.testCase.AllTestCase"/>
  <testcase name="f" time="0.904" classname="com.lemon.api.auto.testCase.AllTestCase">
    <failure type="java.lang.AssertionError" message="expected [{&amp;quot;status&amp;quot;:1,&amp;quot;code&amp;quot;:&amp;quot;10001&amp;quot;,&amp;quot;data&amp;quot;:{&amp;quot;id&amp;quot;:80,&amp;quot;regname&amp;quot;:&amp;quot;tom&amp;quot;,&amp;quot;pwd&amp;quot;:&amp;quot;E10ADC3949BA59ABBE56E057F20F883E&amp;quot;,&amp;quot;mobilephone&amp;quot;:&amp;quot;13999999999&amp;quot;,&amp;quot;leaveamount&amp;quot;:&amp;quot;10000.00&amp;quot;,&amp;quot;type&amp;quot;:&amp;quot;1&amp;quot;,&amp;quot;regtime&amp;quot;:&amp;quot;2018-04-26 14:42:36.0&amp;quot;},&amp;quot;msg&amp;quot;:&amp;quot;充值成功&amp;quot;}] but found [{&amp;quot;status&amp;quot;:1,&amp;quot;code&amp;quot;:&amp;quot;10001&amp;quot;,&amp;quot;data&amp;quot;:{&amp;quot;id&amp;quot;:1,&amp;quot;regname&amp;quot;:&amp;quot;aabbcc&amp;quot;,&amp;quot;pwd&amp;quot;:&amp;quot;E10ADC3949BA59ABBE56E057F20F883E&amp;quot;,&amp;quot;mobilephone&amp;quot;:&amp;quot;13999999999&amp;quot;,&amp;quot;leaveamount&amp;quot;:&amp;quot;-800.00&amp;quot;,&amp;quot;type&amp;quot;:&amp;quot;1&amp;quot;,&amp;quot;regtime&amp;quot;:&amp;quot;2018-12-11 22:55:41.0&amp;quot;},&amp;quot;msg&amp;quot;:&amp;quot;充值成功&amp;quot;}]">
      <![CDATA[java.lang.AssertionError: expected [{"status":1,"code":"10001","data":{"id":80,"regname":"tom","pwd":"E10ADC3949BA59ABBE56E057F20F883E","mobilephone":"13999999999","leaveamount":"10000.00","type":"1","regtime":"2018-04-26 14:42:36.0"},"msg":"充值成功"}] but found [{"status":1,"code":"10001","data":{"id":1,"regname":"aabbcc","pwd":"E10ADC3949BA59ABBE56E057F20F883E","mobilephone":"13999999999","leaveamount":"-800.00","type":"1","regtime":"2018-12-11 22:55:41.0"},"msg":"充值成功"}]
	at org.testng.Assert.fail(Assert.java:94)
	at org.testng.Assert.failNotEquals(Assert.java:494)
	at org.testng.Assert.assertEquals(Assert.java:123)
	at org.testng.Assert.assertEquals(Assert.java:176)
	at org.testng.Assert.assertEquals(Assert.java:186)
	at com.lemon.api.auto.testCase.AllTestCase.f(AllTestCase.java:125)
	at sun.reflect.NativeMethodAccessorImpl.invoke0(Native Method)
	at sun.reflect.NativeMethodAccessorImpl.invoke(Unknown Source)
	at sun.reflect.DelegatingMethodAccessorImpl.invoke(Unknown Source)
	at java.lang.reflect.Method.invoke(Unknown Source)
	at org.testng.internal.MethodInvocationHelper.invokeMethod(MethodInvocationHelper.java:84)
	at org.testng.internal.Invoker.invokeMethod(Invoker.java:714)
	at org.testng.internal.Invoker.invokeTestMethod(Invoker.java:901)
	at org.testng.internal.Invoker.invokeTestMethods(Invoker.java:1231)
	at org.testng.internal.TestMethodWorker.invokeTestMethods(TestMethodWorker.java:127)
	at org.testng.internal.TestMethodWorker.run(TestMethodWorker.java:111)
	at org.testng.TestRunner.privateRun(TestRunner.java:767)
	at org.testng.TestRunner.run(TestRunner.java:617)
	at org.testng.SuiteRunner.runTest(SuiteRunner.java:348)
	at org.testng.SuiteRunner.runSequentially(SuiteRunner.java:343)
	at org.testng.SuiteRunner.privateRun(SuiteRunner.java:305)
	at org.testng.SuiteRunner.run(SuiteRunner.java:254)
	at org.testng.SuiteRunnerWorker.runSuite(SuiteRunnerWorker.java:52)
	at org.testng.SuiteRunnerWorker.run(SuiteRunnerWorker.java:86)
	at org.testng.TestNG.runSuitesSequentially(TestNG.java:1224)
	at org.testng.TestNG.runSuitesLocally(TestNG.java:1149)
	at org.testng.TestNG.run(TestNG.java:1057)
	at org.testng.remote.RemoteTestNG.run(RemoteTestNG.java:111)
	at org.testng.remote.RemoteTestNG.initAndRun(RemoteTestNG.java:204)
	at org.testng.remote.RemoteTestNG.main(RemoteTestNG.java:175)
]]>
    </failure>
  </testcase> <!-- f -->
  <testcase name="f" time="1.246" classname="com.lemon.api.auto.testCase.AllTestCase"/>
  <testcase name="f" time="0.032" classname="com.lemon.api.auto.testCase.AllTestCase"/>
  <testcase name="f" time="0.035" classname="com.lemon.api.auto.testCase.AllTestCase"/>
  <testcase name="f" time="0.031" classname="com.lemon.api.auto.testCase.AllTestCase"/>
  <testcase name="f" time="0.036" classname="com.lemon.api.auto.testCase.AllTestCase">
    <failure type="java.lang.AssertionError" message="expected [{&amp;quot;status&amp;quot;:0,&amp;quot;code&amp;quot;:&amp;quot;20119&amp;quot;,&amp;quot;data&amp;quot;:null,&amp;quot;msg&amp;quot;:&amp;quot;余额不足，请修改提现额度&amp;quot;}] but found [{&amp;quot;status&amp;quot;:1,&amp;quot;code&amp;quot;:&amp;quot;20119&amp;quot;,&amp;quot;data&amp;quot;:null,&amp;quot;msg&amp;quot;:&amp;quot;余额不足，请修改提现额度&amp;quot;}]">
      <![CDATA[java.lang.AssertionError: expected [{"status":0,"code":"20119","data":null,"msg":"余额不足，请修改提现额度"}] but found [{"status":1,"code":"20119","data":null,"msg":"余额不足，请修改提现额度"}]
	at org.testng.Assert.fail(Assert.java:94)
	at org.testng.Assert.failNotEquals(Assert.java:494)
	at org.testng.Assert.assertEquals(Assert.java:123)
	at org.testng.Assert.assertEquals(Assert.java:176)
	at org.testng.Assert.assertEquals(Assert.java:186)
	at com.lemon.api.auto.testCase.AllTestCase.f(AllTestCase.java:125)
	at sun.reflect.GeneratedMethodAccessor11.invoke(Unknown Source)
	at sun.reflect.DelegatingMethodAccessorImpl.invoke(Unknown Source)
	at java.lang.reflect.Method.invoke(Unknown Source)
	at org.testng.internal.MethodInvocationHelper.invokeMethod(MethodInvocationHelper.java:84)
	at org.testng.internal.Invoker.invokeMethod(Invoker.java:714)
	at org.testng.internal.Invoker.invokeTestMethod(Invoker.java:901)
	at org.testng.internal.Invoker.invokeTestMethods(Invoker.java:1231)
	at org.testng.internal.TestMethodWorker.invokeTestMethods(TestMethodWorker.java:127)
	at org.testng.internal.TestMethodWorker.run(TestMethodWorker.java:111)
	at org.testng.TestRunner.privateRun(TestRunner.java:767)
	at org.testng.TestRunner.run(TestRunner.java:617)
	at org.testng.SuiteRunner.runTest(SuiteRunner.java:348)
	at org.testng.SuiteRunner.runSequentially(SuiteRunner.java:343)
	at org.testng.SuiteRunner.privateRun(SuiteRunner.java:305)
	at org.testng.SuiteRunner.run(SuiteRunner.java:254)
	at org.testng.SuiteRunnerWorker.runSuite(SuiteRunnerWorker.java:52)
	at org.testng.SuiteRunnerWorker.run(SuiteRunnerWorker.java:86)
	at org.testng.TestNG.runSuitesSequentially(TestNG.java:1224)
	at org.testng.TestNG.runSuitesLocally(TestNG.java:1149)
	at org.testng.TestNG.run(TestNG.java:1057)
	at org.testng.remote.RemoteTestNG.run(RemoteTestNG.java:111)
	at org.testng.remote.RemoteTestNG.initAndRun(RemoteTestNG.java:204)
	at org.testng.remote.RemoteTestNG.main(RemoteTestNG.java:175)
]]>
    </failure>
  </testcase> <!-- f -->
  <testcase name="f" time="0.03" classname="com.lemon.api.auto.testCase.AllTestCase">
    <failure type="java.lang.AssertionError" message="expected [{&amp;quot;status&amp;quot;:0,&amp;quot;code&amp;quot;:&amp;quot;20117&amp;quot;,&amp;quot;data&amp;quot;:null,&amp;quot;msg&amp;quot;:&amp;quot;请输入范围在0到50万之间的正数金额&amp;quot;}] but found [{&amp;quot;status&amp;quot;:1,&amp;quot;code&amp;quot;:&amp;quot;20119&amp;quot;,&amp;quot;data&amp;quot;:null,&amp;quot;msg&amp;quot;:&amp;quot;余额不足，请修改提现额度&amp;quot;}]">
      <![CDATA[java.lang.AssertionError: expected [{"status":0,"code":"20117","data":null,"msg":"请输入范围在0到50万之间的正数金额"}] but found [{"status":1,"code":"20119","data":null,"msg":"余额不足，请修改提现额度"}]
	at org.testng.Assert.fail(Assert.java:94)
	at org.testng.Assert.failNotEquals(Assert.java:494)
	at org.testng.Assert.assertEquals(Assert.java:123)
	at org.testng.Assert.assertEquals(Assert.java:176)
	at org.testng.Assert.assertEquals(Assert.java:186)
	at com.lemon.api.auto.testCase.AllTestCase.f(AllTestCase.java:125)
	at sun.reflect.GeneratedMethodAccessor11.invoke(Unknown Source)
	at sun.reflect.DelegatingMethodAccessorImpl.invoke(Unknown Source)
	at java.lang.reflect.Method.invoke(Unknown Source)
	at org.testng.internal.MethodInvocationHelper.invokeMethod(MethodInvocationHelper.java:84)
	at org.testng.internal.Invoker.invokeMethod(Invoker.java:714)
	at org.testng.internal.Invoker.invokeTestMethod(Invoker.java:901)
	at org.testng.internal.Invoker.invokeTestMethods(Invoker.java:1231)
	at org.testng.internal.TestMethodWorker.invokeTestMethods(TestMethodWorker.java:127)
	at org.testng.internal.TestMethodWorker.run(TestMethodWorker.java:111)
	at org.testng.TestRunner.privateRun(TestRunner.java:767)
	at org.testng.TestRunner.run(TestRunner.java:617)
	at org.testng.SuiteRunner.runTest(SuiteRunner.java:348)
	at org.testng.SuiteRunner.runSequentially(SuiteRunner.java:343)
	at org.testng.SuiteRunner.privateRun(SuiteRunner.java:305)
	at org.testng.SuiteRunner.run(SuiteRunner.java:254)
	at org.testng.SuiteRunnerWorker.runSuite(SuiteRunnerWorker.java:52)
	at org.testng.SuiteRunnerWorker.run(SuiteRunnerWorker.java:86)
	at org.testng.TestNG.runSuitesSequentially(TestNG.java:1224)
	at org.testng.TestNG.runSuitesLocally(TestNG.java:1149)
	at org.testng.TestNG.run(TestNG.java:1057)
	at org.testng.remote.RemoteTestNG.run(RemoteTestNG.java:111)
	at org.testng.remote.RemoteTestNG.initAndRun(RemoteTestNG.java:204)
	at org.testng.remote.RemoteTestNG.main(RemoteTestNG.java:175)
]]>
    </failure>
  </testcase> <!-- f -->
  <testcase name="f" time="0.025" classname="com.lemon.api.auto.testCase.AllTestCase">
    <failure type="java.lang.AssertionError" message="expected [{&amp;quot;status&amp;quot;:1,&amp;quot;code&amp;quot;:&amp;quot;10001&amp;quot;,&amp;quot;data&amp;quot;:null,&amp;quot;msg&amp;quot;:&amp;quot;提现成功&amp;quot;}] but found [{&amp;quot;status&amp;quot;:1,&amp;quot;code&amp;quot;:&amp;quot;20119&amp;quot;,&amp;quot;data&amp;quot;:null,&amp;quot;msg&amp;quot;:&amp;quot;余额不足，请修改提现额度&amp;quot;}]">
      <![CDATA[java.lang.AssertionError: expected [{"status":1,"code":"10001","data":null,"msg":"提现成功"}] but found [{"status":1,"code":"20119","data":null,"msg":"余额不足，请修改提现额度"}]
	at org.testng.Assert.fail(Assert.java:94)
	at org.testng.Assert.failNotEquals(Assert.java:494)
	at org.testng.Assert.assertEquals(Assert.java:123)
	at org.testng.Assert.assertEquals(Assert.java:176)
	at org.testng.Assert.assertEquals(Assert.java:186)
	at com.lemon.api.auto.testCase.AllTestCase.f(AllTestCase.java:125)
	at sun.reflect.GeneratedMethodAccessor11.invoke(Unknown Source)
	at sun.reflect.DelegatingMethodAccessorImpl.invoke(Unknown Source)
	at java.lang.reflect.Method.invoke(Unknown Source)
	at org.testng.internal.MethodInvocationHelper.invokeMethod(MethodInvocationHelper.java:84)
	at org.testng.internal.Invoker.invokeMethod(Invoker.java:714)
	at org.testng.internal.Invoker.invokeTestMethod(Invoker.java:901)
	at org.testng.internal.Invoker.invokeTestMethods(Invoker.java:1231)
	at org.testng.internal.TestMethodWorker.invokeTestMethods(TestMethodWorker.java:127)
	at org.testng.internal.TestMethodWorker.run(TestMethodWorker.java:111)
	at org.testng.TestRunner.privateRun(TestRunner.java:767)
	at org.testng.TestRunner.run(TestRunner.java:617)
	at org.testng.SuiteRunner.runTest(SuiteRunner.java:348)
	at org.testng.SuiteRunner.runSequentially(SuiteRunner.java:343)
	at org.testng.SuiteRunner.privateRun(SuiteRunner.java:305)
	at org.testng.SuiteRunner.run(SuiteRunner.java:254)
	at org.testng.SuiteRunnerWorker.runSuite(SuiteRunnerWorker.java:52)
	at org.testng.SuiteRunnerWorker.run(SuiteRunnerWorker.java:86)
	at org.testng.TestNG.runSuitesSequentially(TestNG.java:1224)
	at org.testng.TestNG.runSuitesLocally(TestNG.java:1149)
	at org.testng.TestNG.run(TestNG.java:1057)
	at org.testng.remote.RemoteTestNG.run(RemoteTestNG.java:111)
	at org.testng.remote.RemoteTestNG.initAndRun(RemoteTestNG.java:204)
	at org.testng.remote.RemoteTestNG.main(RemoteTestNG.java:175)
]]>
    </failure>
  </testcase> <!-- f -->
  <testcase name="f" time="0.039" classname="com.lemon.api.auto.testCase.AllTestCase"/>
  <testcase name="f" time="0.119" classname="com.lemon.api.auto.testCase.AllTestCase"/>
  <testcase name="f" time="0.466" classname="com.lemon.api.auto.testCase.AllTestCase"/>
  <testcase name="f" time="0.146" classname="com.lemon.api.auto.testCase.AllTestCase"/>
  <testcase name="f" time="0.121" classname="com.lemon.api.auto.testCase.AllTestCase"/>
  <testcase name="f" time="0.127" classname="com.lemon.api.auto.testCase.AllTestCase"/>
  <testcase name="f" time="0.348" classname="com.lemon.api.auto.testCase.AllTestCase">
    <failure type="java.lang.AssertionError" message="expected [{&amp;quot;status&amp;quot;:1,&amp;quot;code&amp;quot;:&amp;quot;10001&amp;quot;,&amp;quot;data&amp;quot;:[{&amp;quot;id&amp;quot;:null,&amp;quot;investId&amp;quot;:&amp;quot;1&amp;quot;,&amp;quot;createTime&amp;quot;:&amp;quot;2018-04-27 12:24:01&amp;quot;,&amp;quot;terms&amp;quot;:&amp;quot;1&amp;quot;,&amp;quot;unfinishedInterest&amp;quot;:&amp;quot;1.0&amp;quot;,&amp;quot;unfinishedPrincipal&amp;quot;:&amp;quot;0&amp;quot;,&amp;quot;repaymentDate&amp;quot;:&amp;quot;2018-05-27 12:24:01&amp;quot;,&amp;quot;actualRepaymentDate&amp;quot;:null,&amp;quot;status&amp;quot;:&amp;quot;0&amp;quot;},{&amp;quot;id&amp;quot;:null,&amp;quot;investId&amp;quot;:&amp;quot;1&amp;quot;,&amp;quot;createTime&amp;quot;:&amp;quot;2018-04-27 12:24:01&amp;quot;,&amp;quot;terms&amp;quot;:&amp;quot;2&amp;quot;,&amp;quot;unfinishedInterest&amp;quot;:&amp;quot;1.0&amp;quot;,&amp;quot;unfinishedPrincipal&amp;quot;:&amp;quot;0&amp;quot;,&amp;quot;repaymentDate&amp;quot;:&amp;quot;2018-06-27 12:24:01&amp;quot;,&amp;quot;actualRepaymentDate&amp;quot;:null,&amp;quot;status&amp;quot;:&amp;quot;0&amp;quot;},{&amp;quot;id&amp;quot;:null,&amp;quot;investId&amp;quot;:&amp;quot;1&amp;quot;,&amp;quot;createTime&amp;quot;:&amp;quot;2018-04-27 12:24:01&amp;quot;,&amp;quot;terms&amp;quot;:&amp;quot;3&amp;quot;,&amp;quot;unfinishedInterest&amp;quot;:&amp;quot;1.0&amp;quot;,&amp;quot;unfinishedPrincipal&amp;quot;:&amp;quot;100.00&amp;quot;,&amp;quot;repaymentDate&amp;quot;:&amp;quot;2018-07-27 12:24:01&amp;quot;,&amp;quot;actualRepaymentDate&amp;quot;:null,&amp;quot;status&amp;quot;:&amp;quot;0&amp;quot;}],&amp;quot;msg&amp;quot;:&amp;quot;生成回款计划成功&amp;quot;}] but found [{&amp;quot;status&amp;quot;:1,&amp;quot;code&amp;quot;:&amp;quot;10001&amp;quot;,&amp;quot;data&amp;quot;:[{&amp;quot;id&amp;quot;:null,&amp;quot;investId&amp;quot;:&amp;quot;13&amp;quot;,&amp;quot;createTime&amp;quot;:&amp;quot;2018-12-13 12:00:36&amp;quot;,&amp;quot;terms&amp;quot;:&amp;quot;1&amp;quot;,&amp;quot;unfinishedInterest&amp;quot;:&amp;quot;1.0&amp;quot;,&amp;quot;unfinishedPrincipal&amp;quot;:&amp;quot;0&amp;quot;,&amp;quot;repaymentDate&amp;quot;:&amp;quot;2019-01-13 12:00:36&amp;quot;,&amp;quot;actualRepaymentDate&amp;quot;:null,&amp;quot;status&amp;quot;:&amp;quot;0&amp;quot;},{&amp;quot;id&amp;quot;:null,&amp;quot;investId&amp;quot;:&amp;quot;13&amp;quot;,&amp;quot;createTime&amp;quot;:&amp;quot;2018-12-13 12:00:36&amp;quot;,&amp;quot;terms&amp;quot;:&amp;quot;2&amp;quot;,&amp;quot;unfinishedInterest&amp;quot;:&amp;quot;1.0&amp;quot;,&amp;quot;unfinishedPrincipal&amp;quot;:&amp;quot;0&amp;quot;,&amp;quot;repaymentDate&amp;quot;:&amp;quot;2019-02-13 12:00:36&amp;quot;,&amp;quot;actualRepaymentDate&amp;quot;:null,&amp;quot;status&amp;quot;:&amp;quot;0&amp;quot;},{&amp;quot;id&amp;quot;:null,&amp;quot;investId&amp;quot;:&amp;quot;13&amp;quot;,&amp;quot;createTime&amp;quot;:&amp;quot;2018-12-13 12:00:36&amp;quot;,&amp;quot;terms&amp;quot;:&amp;quot;3&amp;quot;,&amp;quot;unfinishedInterest&amp;quot;:&amp;quot;1.0&amp;quot;,&amp;quot;unfinishedPrincipal&amp;quot;:&amp;quot;100.00&amp;quot;,&amp;quot;repaymentDate&amp;quot;:&amp;quot;2019-03-13 12:00:36&amp;quot;,&amp;quot;actualRepaymentDate&amp;quot;:null,&amp;quot;status&amp;quot;:&amp;quot;0&amp;quot;},{&amp;quot;id&amp;quot;:null,&amp;quot;investId&amp;quot;:&amp;quot;12&amp;quot;,&amp;quot;createTime&amp;quot;:&amp;quot;2018-12-13 12:00:36&amp;quot;,&amp;quot;terms&amp;quot;:&amp;quot;1&amp;quot;,&amp;quot;unfinishedInterest&amp;quot;:&amp;quot;1.0&amp;quot;,&amp;quot;unfinishedPrincipal&amp;quot;:&amp;quot;0&amp;quot;,&amp;quot;repaymentDate&amp;quot;:&amp;quot;2019-01-13 12:00:36&amp;quot;,&amp;quot;actualRepaymentDate&amp;quot;:null,&amp;quot;status&amp;quot;:&amp;quot;0&amp;quot;},{&amp;quot;id&amp;quot;:null,&amp;quot;investId&amp;quot;:&amp;quot;12&amp;quot;,&amp;quot;createTime&amp;quot;:&amp;quot;2018-12-13 12:00:36&amp;quot;,&amp;quot;terms&amp;quot;:&amp;quot;2&amp;quot;,&amp;quot;unfinishedInterest&amp;quot;:&amp;quot;1.0&amp;quot;,&amp;quot;unfinishedPrincipal&amp;quot;:&amp;quot;0&amp;quot;,&amp;quot;repaymentDate&amp;quot;:&amp;quot;2019-02-13 12:00:36&amp;quot;,&amp;quot;actualRepaymentDate&amp;quot;:null,&amp;quot;status&amp;quot;:&amp;quot;0&amp;quot;},{&amp;quot;id&amp;quot;:null,&amp;quot;investId&amp;quot;:&amp;quot;12&amp;quot;,&amp;quot;createTime&amp;quot;:&amp;quot;2018-12-13 12:00:36&amp;quot;,&amp;quot;terms&amp;quot;:&amp;quot;3&amp;quot;,&amp;quot;unfinishedInterest&amp;quot;:&amp;quot;1.0&amp;quot;,&amp;quot;unfinishedPrincipal&amp;quot;:&amp;quot;100.00&amp;quot;,&amp;quot;repaymentDate&amp;quot;:&amp;quot;2019-03-13 12:00:36&amp;quot;,&amp;quot;actualRepaymentDate&amp;quot;:null,&amp;quot;status&amp;quot;:&amp;quot;0&amp;quot;},{&amp;quot;id&amp;quot;:null,&amp;quot;investId&amp;quot;:&amp;quot;11&amp;quot;,&amp;quot;createTime&amp;quot;:&amp;quot;2018-12-13 12:00:36&amp;quot;,&amp;quot;terms&amp;quot;:&amp;quot;1&amp;quot;,&amp;quot;unfinishedInterest&amp;quot;:&amp;quot;1.0&amp;quot;,&amp;quot;unfinishedPrincipal&amp;quot;:&amp;quot;0&amp;quot;,&amp;quot;repaymentDate&amp;quot;:&amp;quot;2019-01-13 12:00:36&amp;quot;,&amp;quot;actualRepaymentDate&amp;quot;:null,&amp;quot;status&amp;quot;:&amp;quot;0&amp;quot;},{&amp;quot;id&amp;quot;:null,&amp;quot;investId&amp;quot;:&amp;quot;11&amp;quot;,&amp;quot;createTime&amp;quot;:&amp;quot;2018-12-13 12:00:36&amp;quot;,&amp;quot;terms&amp;quot;:&amp;quot;2&amp;quot;,&amp;quot;unfinishedInterest&amp;quot;:&amp;quot;1.0&amp;quot;,&amp;quot;unfinishedPrincipal&amp;quot;:&amp;quot;0&amp;quot;,&amp;quot;repaymentDate&amp;quot;:&amp;quot;2019-02-13 12:00:36&amp;quot;,&amp;quot;actualRepaymentDate&amp;quot;:null,&amp;quot;status&amp;quot;:&amp;quot;0&amp;quot;},{&amp;quot;id&amp;quot;:null,&amp;quot;investId&amp;quot;:&amp;quot;11&amp;quot;,&amp;quot;createTime&amp;quot;:&amp;quot;2018-12-13 12:00:36&amp;quot;,&amp;quot;terms&amp;quot;:&amp;quot;3&amp;quot;,&amp;quot;unfinishedInterest&amp;quot;:&amp;quot;1.0&amp;quot;,&amp;quot;unfinishedPrincipal&amp;quot;:&amp;quot;100.00&amp;quot;,&amp;quot;repaymentDate&amp;quot;:&amp;quot;2019-03-13 12:00:36&amp;quot;,&amp;quot;actualRepaymentDate&amp;quot;:null,&amp;quot;status&amp;quot;:&amp;quot;0&amp;quot;},{&amp;quot;id&amp;quot;:null,&amp;quot;investId&amp;quot;:&amp;quot;10&amp;quot;,&amp;quot;createTime&amp;quot;:&amp;quot;2018-12-13 12:00:36&amp;quot;,&amp;quot;terms&amp;quot;:&amp;quot;1&amp;quot;,&amp;quot;unfinishedInterest&amp;quot;:&amp;quot;1.0&amp;quot;,&amp;quot;unfinishedPrincipal&amp;quot;:&amp;quot;0&amp;quot;,&amp;quot;repaymentDate&amp;quot;:&amp;quot;2019-01-13 12:00:36&amp;quot;,&amp;quot;actualRepaymentDate&amp;quot;:null,&amp;quot;status&amp;quot;:&amp;quot;0&amp;quot;},{&amp;quot;id&amp;quot;:null,&amp;quot;investId&amp;quot;:&amp;quot;10&amp;quot;,&amp;quot;createTime&amp;quot;:&amp;quot;2018-12-13 12:00:36&amp;quot;,&amp;quot;terms&amp;quot;:&amp;quot;2&amp;quot;,&amp;quot;unfinishedInterest&amp;quot;:&amp;quot;1.0&amp;quot;,&amp;quot;unfinishedPrincipal&amp;quot;:&amp;quot;0&amp;quot;,&amp;quot;repaymentDate&amp;quot;:&amp;quot;2019-02-13 12:00:36&amp;quot;,&amp;quot;actualRepaymentDate&amp;quot;:null,&amp;quot;status&amp;quot;:&amp;quot;0&amp;quot;},{&amp;quot;id&amp;quot;:null,&amp;quot;investId&amp;quot;:&amp;quot;10&amp;quot;,&amp;quot;createTime&amp;quot;:&amp;quot;2018-12-13 12:00:36&amp;quot;,&amp;quot;terms&amp;quot;:&amp;quot;3&amp;quot;,&amp;quot;unfinishedInterest&amp;quot;:&amp;quot;1.0&amp;quot;,&amp;quot;unfinishedPrincipal&amp;quot;:&amp;quot;100.00&amp;quot;,&amp;quot;repaymentDate&amp;quot;:&amp;quot;2019-03-13 12:00:36&amp;quot;,&amp;quot;actualRepaymentDate&amp;quot;:null,&amp;quot;status&amp;quot;:&amp;quot;0&amp;quot;},{&amp;quot;id&amp;quot;:null,&amp;quot;investId&amp;quot;:&amp;quot;9&amp;quot;,&amp;quot;createTime&amp;quot;:&amp;quot;2018-12-13 12:00:36&amp;quot;,&amp;quot;terms&amp;quot;:&amp;quot;1&amp;quot;,&amp;quot;unfinishedInterest&amp;quot;:&amp;quot;1.0&amp;quot;,&amp;quot;unfinishedPrincipal&amp;quot;:&amp;quot;0&amp;quot;,&amp;quot;repaymentDate&amp;quot;:&amp;quot;2019-01-13 12:00:36&amp;quot;,&amp;quot;actualRepaymentDate&amp;quot;:null,&amp;quot;status&amp;quot;:&amp;quot;0&amp;quot;},{&amp;quot;id&amp;quot;:null,&amp;quot;investId&amp;quot;:&amp;quot;9&amp;quot;,&amp;quot;createTime&amp;quot;:&amp;quot;2018-12-13 12:00:36&amp;quot;,&amp;quot;terms&amp;quot;:&amp;quot;2&amp;quot;,&amp;quot;unfinishedInterest&amp;quot;:&amp;quot;1.0&amp;quot;,&amp;quot;unfinishedPrincipal&amp;quot;:&amp;quot;0&amp;quot;,&amp;quot;repaymentDate&amp;quot;:&amp;quot;2019-02-13 12:00:36&amp;quot;,&amp;quot;actualRepaymentDate&amp;quot;:null,&amp;quot;status&amp;quot;:&amp;quot;0&amp;quot;},{&amp;quot;id&amp;quot;:null,&amp;quot;investId&amp;quot;:&amp;quot;9&amp;quot;,&amp;quot;createTime&amp;quot;:&amp;quot;2018-12-13 12:00:36&amp;quot;,&amp;quot;terms&amp;quot;:&amp;quot;3&amp;quot;,&amp;quot;unfinishedInterest&amp;quot;:&amp;quot;1.0&amp;quot;,&amp;quot;unfinishedPrincipal&amp;quot;:&amp;quot;100.00&amp;quot;,&amp;quot;repaymentDate&amp;quot;:&amp;quot;2019-03-13 12:00:36&amp;quot;,&amp;quot;actualRepaymentDate&amp;quot;:null,&amp;quot;status&amp;quot;:&amp;quot;0&amp;quot;},{&amp;quot;id&amp;quot;:null,&amp;quot;investId&amp;quot;:&amp;quot;8&amp;quot;,&amp;quot;createTime&amp;quot;:&amp;quot;2018-12-13 12:00:36&amp;quot;,&amp;quot;terms&amp;quot;:&amp;quot;1&amp;quot;,&amp;quot;unfinishedInterest&amp;quot;:&amp;quot;1.0&amp;quot;,&amp;quot;unfinishedPrincipal&amp;quot;:&amp;quot;0&amp;quot;,&amp;quot;repaymentDate&amp;quot;:&amp;quot;2019-01-13 12:00:36&amp;quot;,&amp;quot;actualRepaymentDate&amp;quot;:null,&amp;quot;status&amp;quot;:&amp;quot;0&amp;quot;},{&amp;quot;id&amp;quot;:null,&amp;quot;investId&amp;quot;:&amp;quot;8&amp;quot;,&amp;quot;createTime&amp;quot;:&amp;quot;2018-12-13 12:00:36&amp;quot;,&amp;quot;terms&amp;quot;:&amp;quot;2&amp;quot;,&amp;quot;unfinishedInterest&amp;quot;:&amp;quot;1.0&amp;quot;,&amp;quot;unfinishedPrincipal&amp;quot;:&amp;quot;0&amp;quot;,&amp;quot;repaymentDate&amp;quot;:&amp;quot;2019-02-13 12:00:36&amp;quot;,&amp;quot;actualRepaymentDate&amp;quot;:null,&amp;quot;status&amp;quot;:&amp;quot;0&amp;quot;},{&amp;quot;id&amp;quot;:null,&amp;quot;investId&amp;quot;:&amp;quot;8&amp;quot;,&amp;quot;createTime&amp;quot;:&amp;quot;2018-12-13 12:00:36&amp;quot;,&amp;quot;terms&amp;quot;:&amp;quot;3&amp;quot;,&amp;quot;unfinishedInterest&amp;quot;:&amp;quot;1.0&amp;quot;,&amp;quot;unfinishedPrincipal&amp;quot;:&amp;quot;100.00&amp;quot;,&amp;quot;repaymentDate&amp;quot;:&amp;quot;2019-03-13 12:00:36&amp;quot;,&amp;quot;actualRepaymentDate&amp;quot;:null,&amp;quot;status&amp;quot;:&amp;quot;0&amp;quot;},{&amp;quot;id&amp;quot;:null,&amp;quot;investId&amp;quot;:&amp;quot;7&amp;quot;,&amp;quot;createTime&amp;quot;:&amp;quot;2018-12-13 12:00:36&amp;quot;,&amp;quot;terms&amp;quot;:&amp;quot;1&amp;quot;,&amp;quot;unfinishedInterest&amp;quot;:&amp;quot;1.0&amp;quot;,&amp;quot;unfinishedPrincipal&amp;quot;:&amp;quot;0&amp;quot;,&amp;quot;repaymentDate&amp;quot;:&amp;quot;2019-01-13 12:00:36&amp;quot;,&amp;quot;actualRepaymentDate&amp;quot;:null,&amp;quot;status&amp;quot;:&amp;quot;0&amp;quot;},{&amp;quot;id&amp;quot;:null,&amp;quot;investId&amp;quot;:&amp;quot;7&amp;quot;,&amp;quot;createTime&amp;quot;:&amp;quot;2018-12-13 12:00:36&amp;quot;,&amp;quot;terms&amp;quot;:&amp;quot;2&amp;quot;,&amp;quot;unfinishedInterest&amp;quot;:&amp;quot;1.0&amp;quot;,&amp;quot;unfinishedPrincipal&amp;quot;:&amp;quot;0&amp;quot;,&amp;quot;repaymentDate&amp;quot;:&amp;quot;2019-02-13 12:00:36&amp;quot;,&amp;quot;actualRepaymentDate&amp;quot;:null,&amp;quot;status&amp;quot;:&amp;quot;0&amp;quot;},{&amp;quot;id&amp;quot;:null,&amp;quot;investId&amp;quot;:&amp;quot;7&amp;quot;,&amp;quot;createTime&amp;quot;:&amp;quot;2018-12-13 12:00:36&amp;quot;,&amp;quot;terms&amp;quot;:&amp;quot;3&amp;quot;,&amp;quot;unfinishedInterest&amp;quot;:&amp;quot;1.0&amp;quot;,&amp;quot;unfinishedPrincipal&amp;quot;:&amp;quot;100.00&amp;quot;,&amp;quot;repaymentDate&amp;quot;:&amp;quot;2019-03-13 12:00:36&amp;quot;,&amp;quot;actualRepaymentDate&amp;quot;:null,&amp;quot;status&amp;quot;:&amp;quot;0&amp;quot;},{&amp;quot;id&amp;quot;:null,&amp;quot;investId&amp;quot;:&amp;quot;6&amp;quot;,&amp;quot;createTime&amp;quot;:&amp;quot;2018-12-13 12:00:36&amp;quot;,&amp;quot;terms&amp;quot;:&amp;quot;1&amp;quot;,&amp;quot;unfinishedInterest&amp;quot;:&amp;quot;1.0&amp;quot;,&amp;quot;unfinishedPrincipal&amp;quot;:&amp;quot;0&amp;quot;,&amp;quot;repaymentDate&amp;quot;:&amp;quot;2019-01-13 12:00:36&amp;quot;,&amp;quot;actualRepaymentDate&amp;quot;:null,&amp;quot;status&amp;quot;:&amp;quot;0&amp;quot;},{&amp;quot;id&amp;quot;:null,&amp;quot;investId&amp;quot;:&amp;quot;6&amp;quot;,&amp;quot;createTime&amp;quot;:&amp;quot;2018-12-13 12:00:36&amp;quot;,&amp;quot;terms&amp;quot;:&amp;quot;2&amp;quot;,&amp;quot;unfinishedInterest&amp;quot;:&amp;quot;1.0&amp;quot;,&amp;quot;unfinishedPrincipal&amp;quot;:&amp;quot;0&amp;quot;,&amp;quot;repaymentDate&amp;quot;:&amp;quot;2019-02-13 12:00:36&amp;quot;,&amp;quot;actualRepaymentDate&amp;quot;:null,&amp;quot;status&amp;quot;:&amp;quot;0&amp;quot;},{&amp;quot;id&amp;quot;:null,&amp;quot;investId&amp;quot;:&amp;quot;6&amp;quot;,&amp;quot;createTime&amp;quot;:&amp;quot;2018-12-13 12:00:36&amp;quot;,&amp;quot;terms&amp;quot;:&amp;quot;3&amp;quot;,&amp;quot;unfinishedInterest&amp;quot;:&amp;quot;1.0&amp;quot;,&amp;quot;unfinishedPrincipal&amp;quot;:&amp;quot;100.00&amp;quot;,&amp;quot;repaymentDate&amp;quot;:&amp;quot;2019-03-13 12:00:36&amp;quot;,&amp;quot;actualRepaymentDate&amp;quot;:null,&amp;quot;status&amp;quot;:&amp;quot;0&amp;quot;},{&amp;quot;id&amp;quot;:null,&amp;quot;investId&amp;quot;:&amp;quot;5&amp;quot;,&amp;quot;createTime&amp;quot;:&amp;quot;2018-12-13 12:00:36&amp;quot;,&amp;quot;terms&amp;quot;:&amp;quot;1&amp;quot;,&amp;quot;unfinishedInterest&amp;quot;:&amp;quot;1.0&amp;quot;,&amp;quot;unfinishedPrincipal&amp;quot;:&amp;quot;0&amp;quot;,&amp;quot;repaymentDate&amp;quot;:&amp;quot;2019-01-13 12:00:36&amp;quot;,&amp;quot;actualRepaymentDate&amp;quot;:null,&amp;quot;status&amp;quot;:&amp;quot;0&amp;quot;},{&amp;quot;id&amp;quot;:null,&amp;quot;investId&amp;quot;:&amp;quot;5&amp;quot;,&amp;quot;createTime&amp;quot;:&amp;quot;2018-12-13 12:00:36&amp;quot;,&amp;quot;terms&amp;quot;:&amp;quot;2&amp;quot;,&amp;quot;unfinishedInterest&amp;quot;:&amp;quot;1.0&amp;quot;,&amp;quot;unfinishedPrincipal&amp;quot;:&amp;quot;0&amp;quot;,&amp;quot;repaymentDate&amp;quot;:&amp;quot;2019-02-13 12:00:36&amp;quot;,&amp;quot;actualRepaymentDate&amp;quot;:null,&amp;quot;status&amp;quot;:&amp;quot;0&amp;quot;},{&amp;quot;id&amp;quot;:null,&amp;quot;investId&amp;quot;:&amp;quot;5&amp;quot;,&amp;quot;createTime&amp;quot;:&amp;quot;2018-12-13 12:00:36&amp;quot;,&amp;quot;terms&amp;quot;:&amp;quot;3&amp;quot;,&amp;quot;unfinishedInterest&amp;quot;:&amp;quot;1.0&amp;quot;,&amp;quot;unfinishedPrincipal&amp;quot;:&amp;quot;100.00&amp;quot;,&amp;quot;repaymentDate&amp;quot;:&amp;quot;2019-03-13 12:00:36&amp;quot;,&amp;quot;actualRepaymentDate&amp;quot;:null,&amp;quot;status&amp;quot;:&amp;quot;0&amp;quot;},{&amp;quot;id&amp;quot;:null,&amp;quot;investId&amp;quot;:&amp;quot;4&amp;quot;,&amp;quot;createTime&amp;quot;:&amp;quot;2018-12-13 12:00:36&amp;quot;,&amp;quot;terms&amp;quot;:&amp;quot;1&amp;quot;,&amp;quot;unfinishedInterest&amp;quot;:&amp;quot;1.0&amp;quot;,&amp;quot;unfinishedPrincipal&amp;quot;:&amp;quot;0&amp;quot;,&amp;quot;repaymentDate&amp;quot;:&amp;quot;2019-01-13 12:00:36&amp;quot;,&amp;quot;actualRepaymentDate&amp;quot;:null,&amp;quot;status&amp;quot;:&amp;quot;0&amp;quot;},{&amp;quot;id&amp;quot;:null,&amp;quot;investId&amp;quot;:&amp;quot;4&amp;quot;,&amp;quot;createTime&amp;quot;:&amp;quot;2018-12-13 12:00:36&amp;quot;,&amp;quot;terms&amp;quot;:&amp;quot;2&amp;quot;,&amp;quot;unfinishedInterest&amp;quot;:&amp;quot;1.0&amp;quot;,&amp;quot;unfinishedPrincipal&amp;quot;:&amp;quot;0&amp;quot;,&amp;quot;repaymentDate&amp;quot;:&amp;quot;2019-02-13 12:00:36&amp;quot;,&amp;quot;actualRepaymentDate&amp;quot;:null,&amp;quot;status&amp;quot;:&amp;quot;0&amp;quot;},{&amp;quot;id&amp;quot;:null,&amp;quot;investId&amp;quot;:&amp;quot;4&amp;quot;,&amp;quot;createTime&amp;quot;:&amp;quot;2018-12-13 12:00:36&amp;quot;,&amp;quot;terms&amp;quot;:&amp;quot;3&amp;quot;,&amp;quot;unfinishedInterest&amp;quot;:&amp;quot;1.0&amp;quot;,&amp;quot;unfinishedPrincipal&amp;quot;:&amp;quot;100.00&amp;quot;,&amp;quot;repaymentDate&amp;quot;:&amp;quot;2019-03-13 12:00:36&amp;quot;,&amp;quot;actualRepaymentDate&amp;quot;:null,&amp;quot;status&amp;quot;:&amp;quot;0&amp;quot;},{&amp;quot;id&amp;quot;:null,&amp;quot;investId&amp;quot;:&amp;quot;3&amp;quot;,&amp;quot;createTime&amp;quot;:&amp;quot;2018-12-13 12:00:36&amp;quot;,&amp;quot;terms&amp;quot;:&amp;quot;1&amp;quot;,&amp;quot;unfinishedInterest&amp;quot;:&amp;quot;1.0&amp;quot;,&amp;quot;unfinishedPrincipal&amp;quot;:&amp;quot;0&amp;quot;,&amp;quot;repaymentDate&amp;quot;:&amp;quot;2019-01-13 12:00:36&amp;quot;,&amp;quot;actualRepaymentDate&amp;quot;:null,&amp;quot;status&amp;quot;:&amp;quot;0&amp;quot;},{&amp;quot;id&amp;quot;:null,&amp;quot;investId&amp;quot;:&amp;quot;3&amp;quot;,&amp;quot;createTime&amp;quot;:&amp;quot;2018-12-13 12:00:36&amp;quot;,&amp;quot;terms&amp;quot;:&amp;quot;2&amp;quot;,&amp;quot;unfinishedInterest&amp;quot;:&amp;quot;1.0&amp;quot;,&amp;quot;unfinishedPrincipal&amp;quot;:&amp;quot;0&amp;quot;,&amp;quot;repaymentDate&amp;quot;:&amp;quot;2019-02-13 12:00:36&amp;quot;,&amp;quot;actualRepaymentDate&amp;quot;:null,&amp;quot;status&amp;quot;:&amp;quot;0&amp;quot;},{&amp;quot;id&amp;quot;:null,&amp;quot;investId&amp;quot;:&amp;quot;3&amp;quot;,&amp;quot;createTime&amp;quot;:&amp;quot;2018-12-13 12:00:36&amp;quot;,&amp;quot;terms&amp;quot;:&amp;quot;3&amp;quot;,&amp;quot;unfinishedInterest&amp;quot;:&amp;quot;1.0&amp;quot;,&amp;quot;unfinishedPrincipal&amp;quot;:&amp;quot;100.00&amp;quot;,&amp;quot;repaymentDate&amp;quot;:&amp;quot;2019-03-13 12:00:36&amp;quot;,&amp;quot;actualRepaymentDate&amp;quot;:null,&amp;quot;status&amp;quot;:&amp;quot;0&amp;quot;},{&amp;quot;id&amp;quot;:null,&amp;quot;investId&amp;quot;:&amp;quot;2&amp;quot;,&amp;quot;createTime&amp;quot;:&amp;quot;2018-12-13 12:00:36&amp;quot;,&amp;quot;terms&amp;quot;:&amp;quot;1&amp;quot;,&amp;quot;unfinishedInterest&amp;quot;:&amp;quot;1.0&amp;quot;,&amp;quot;unfinishedPrincipal&amp;quot;:&amp;quot;0&amp;quot;,&amp;quot;repaymentDate&amp;quot;:&amp;quot;2019-01-13 12:00:36&amp;quot;,&amp;quot;actualRepaymentDate&amp;quot;:null,&amp;quot;status&amp;quot;:&amp;quot;0&amp;quot;},{&amp;quot;id&amp;quot;:null,&amp;quot;investId&amp;quot;:&amp;quot;2&amp;quot;,&amp;quot;createTime&amp;quot;:&amp;quot;2018-12-13 12:00:36&amp;quot;,&amp;quot;terms&amp;quot;:&amp;quot;2&amp;quot;,&amp;quot;unfinishedInterest&amp;quot;:&amp;quot;1.0&amp;quot;,&amp;quot;unfinishedPrincipal&amp;quot;:&amp;quot;0&amp;quot;,&amp;quot;repaymentDate&amp;quot;:&amp;quot;2019-02-13 12:00:36&amp;quot;,&amp;quot;actualRepaymentDate&amp;quot;:null,&amp;quot;status&amp;quot;:&amp;quot;0&amp;quot;},{&amp;quot;id&amp;quot;:null,&amp;quot;investId&amp;quot;:&amp;quot;2&amp;quot;,&amp;quot;createTime&amp;quot;:&amp;quot;2018-12-13 12:00:36&amp;quot;,&amp;quot;terms&amp;quot;:&amp;quot;3&amp;quot;,&amp;quot;unfinishedInterest&amp;quot;:&amp;quot;1.0&amp;quot;,&amp;quot;unfinishedPrincipal&amp;quot;:&amp;quot;100.00&amp;quot;,&amp;quot;repaymentDate&amp;quot;:&amp;quot;2019-03-13 12:00:36&amp;quot;,&amp;quot;actualRepaymentDate&amp;quot;:null,&amp;quot;status&amp;quot;:&amp;quot;0&amp;quot;},{&amp;quot;id&amp;quot;:null,&amp;quot;investId&amp;quot;:&amp;quot;1&amp;quot;,&amp;quot;createTime&amp;quot;:&amp;quot;2018-12-13 12:00:36&amp;quot;,&amp;quot;terms&amp;quot;:&amp;quot;1&amp;quot;,&amp;quot;unfinishedInterest&amp;quot;:&amp;quot;1.0&amp;quot;,&amp;quot;unfinishedPrincipal&amp;quot;:&amp;quot;0&amp;quot;,&amp;quot;repaymentDate&amp;quot;:&amp;quot;2019-01-13 12:00:36&amp;quot;,&amp;quot;actualRepaymentDate&amp;quot;:null,&amp;quot;status&amp;quot;:&amp;quot;0&amp;quot;},{&amp;quot;id&amp;quot;:null,&amp;quot;investId&amp;quot;:&amp;quot;1&amp;quot;,&amp;quot;createTime&amp;quot;:&amp;quot;2018-12-13 12:00:36&amp;quot;,&amp;quot;terms&amp;quot;:&amp;quot;2&amp;quot;,&amp;quot;unfinishedInterest&amp;quot;:&amp;quot;1.0&amp;quot;,&amp;quot;unfinishedPrincipal&amp;quot;:&amp;quot;0&amp;quot;,&amp;quot;repaymentDate&amp;quot;:&amp;quot;2019-02-13 12:00:36&amp;quot;,&amp;quot;actualRepaymentDate&amp;quot;:null,&amp;quot;status&amp;quot;:&amp;quot;0&amp;quot;},{&amp;quot;id&amp;quot;:null,&amp;quot;investId&amp;quot;:&amp;quot;1&amp;quot;,&amp;quot;createTime&amp;quot;:&amp;quot;2018-12-13 12:00:36&amp;quot;,&amp;quot;terms&amp;quot;:&amp;quot;3&amp;quot;,&amp;quot;unfinishedInterest&amp;quot;:&amp;quot;1.0&amp;quot;,&amp;quot;unfinishedPrincipal&amp;quot;:&amp;quot;100.00&amp;quot;,&amp;quot;repaymentDate&amp;quot;:&amp;quot;2019-03-13 12:00:36&amp;quot;,&amp;quot;actualRepaymentDate&amp;quot;:null,&amp;quot;status&amp;quot;:&amp;quot;0&amp;quot;}],&amp;quot;msg&amp;quot;:&amp;quot;生成回款计划成功&amp;quot;}]">
      <![CDATA[java.lang.AssertionError: expected [{"status":1,"code":"10001","data":[{"id":null,"investId":"1","createTime":"2018-04-27 12:24:01","terms":"1","unfinishedInterest":"1.0","unfinishedPrincipal":"0","repaymentDate":"2018-05-27 12:24:01","actualRepaymentDate":null,"status":"0"},{"id":null,"investId":"1","createTime":"2018-04-27 12:24:01","terms":"2","unfinishedInterest":"1.0","unfinishedPrincipal":"0","repaymentDate":"2018-06-27 12:24:01","actualRepaymentDate":null,"status":"0"},{"id":null,"investId":"1","createTime":"2018-04-27 12:24:01","terms":"3","unfinishedInterest":"1.0","unfinishedPrincipal":"100.00","repaymentDate":"2018-07-27 12:24:01","actualRepaymentDate":null,"status":"0"}],"msg":"生成回款计划成功"}] but found [{"status":1,"code":"10001","data":[{"id":null,"investId":"13","createTime":"2018-12-13 12:00:36","terms":"1","unfinishedInterest":"1.0","unfinishedPrincipal":"0","repaymentDate":"2019-01-13 12:00:36","actualRepaymentDate":null,"status":"0"},{"id":null,"investId":"13","createTime":"2018-12-13 12:00:36","terms":"2","unfinishedInterest":"1.0","unfinishedPrincipal":"0","repaymentDate":"2019-02-13 12:00:36","actualRepaymentDate":null,"status":"0"},{"id":null,"investId":"13","createTime":"2018-12-13 12:00:36","terms":"3","unfinishedInterest":"1.0","unfinishedPrincipal":"100.00","repaymentDate":"2019-03-13 12:00:36","actualRepaymentDate":null,"status":"0"},{"id":null,"investId":"12","createTime":"2018-12-13 12:00:36","terms":"1","unfinishedInterest":"1.0","unfinishedPrincipal":"0","repaymentDate":"2019-01-13 12:00:36","actualRepaymentDate":null,"status":"0"},{"id":null,"investId":"12","createTime":"2018-12-13 12:00:36","terms":"2","unfinishedInterest":"1.0","unfinishedPrincipal":"0","repaymentDate":"2019-02-13 12:00:36","actualRepaymentDate":null,"status":"0"},{"id":null,"investId":"12","createTime":"2018-12-13 12:00:36","terms":"3","unfinishedInterest":"1.0","unfinishedPrincipal":"100.00","repaymentDate":"2019-03-13 12:00:36","actualRepaymentDate":null,"status":"0"},{"id":null,"investId":"11","createTime":"2018-12-13 12:00:36","terms":"1","unfinishedInterest":"1.0","unfinishedPrincipal":"0","repaymentDate":"2019-01-13 12:00:36","actualRepaymentDate":null,"status":"0"},{"id":null,"investId":"11","createTime":"2018-12-13 12:00:36","terms":"2","unfinishedInterest":"1.0","unfinishedPrincipal":"0","repaymentDate":"2019-02-13 12:00:36","actualRepaymentDate":null,"status":"0"},{"id":null,"investId":"11","createTime":"2018-12-13 12:00:36","terms":"3","unfinishedInterest":"1.0","unfinishedPrincipal":"100.00","repaymentDate":"2019-03-13 12:00:36","actualRepaymentDate":null,"status":"0"},{"id":null,"investId":"10","createTime":"2018-12-13 12:00:36","terms":"1","unfinishedInterest":"1.0","unfinishedPrincipal":"0","repaymentDate":"2019-01-13 12:00:36","actualRepaymentDate":null,"status":"0"},{"id":null,"investId":"10","createTime":"2018-12-13 12:00:36","terms":"2","unfinishedInterest":"1.0","unfinishedPrincipal":"0","repaymentDate":"2019-02-13 12:00:36","actualRepaymentDate":null,"status":"0"},{"id":null,"investId":"10","createTime":"2018-12-13 12:00:36","terms":"3","unfinishedInterest":"1.0","unfinishedPrincipal":"100.00","repaymentDate":"2019-03-13 12:00:36","actualRepaymentDate":null,"status":"0"},{"id":null,"investId":"9","createTime":"2018-12-13 12:00:36","terms":"1","unfinishedInterest":"1.0","unfinishedPrincipal":"0","repaymentDate":"2019-01-13 12:00:36","actualRepaymentDate":null,"status":"0"},{"id":null,"investId":"9","createTime":"2018-12-13 12:00:36","terms":"2","unfinishedInterest":"1.0","unfinishedPrincipal":"0","repaymentDate":"2019-02-13 12:00:36","actualRepaymentDate":null,"status":"0"},{"id":null,"investId":"9","createTime":"2018-12-13 12:00:36","terms":"3","unfinishedInterest":"1.0","unfinishedPrincipal":"100.00","repaymentDate":"2019-03-13 12:00:36","actualRepaymentDate":null,"status":"0"},{"id":null,"investId":"8","createTime":"2018-12-13 12:00:36","terms":"1","unfinishedInterest":"1.0","unfinishedPrincipal":"0","repaymentDate":"2019-01-13 12:00:36","actualRepaymentDate":null,"status":"0"},{"id":null,"investId":"8","createTime":"2018-12-13 12:00:36","terms":"2","unfinishedInterest":"1.0","unfinishedPrincipal":"0","repaymentDate":"2019-02-13 12:00:36","actualRepaymentDate":null,"status":"0"},{"id":null,"investId":"8","createTime":"2018-12-13 12:00:36","terms":"3","unfinishedInterest":"1.0","unfinishedPrincipal":"100.00","repaymentDate":"2019-03-13 12:00:36","actualRepaymentDate":null,"status":"0"},{"id":null,"investId":"7","createTime":"2018-12-13 12:00:36","terms":"1","unfinishedInterest":"1.0","unfinishedPrincipal":"0","repaymentDate":"2019-01-13 12:00:36","actualRepaymentDate":null,"status":"0"},{"id":null,"investId":"7","createTime":"2018-12-13 12:00:36","terms":"2","unfinishedInterest":"1.0","unfinishedPrincipal":"0","repaymentDate":"2019-02-13 12:00:36","actualRepaymentDate":null,"status":"0"},{"id":null,"investId":"7","createTime":"2018-12-13 12:00:36","terms":"3","unfinishedInterest":"1.0","unfinishedPrincipal":"100.00","repaymentDate":"2019-03-13 12:00:36","actualRepaymentDate":null,"status":"0"},{"id":null,"investId":"6","createTime":"2018-12-13 12:00:36","terms":"1","unfinishedInterest":"1.0","unfinishedPrincipal":"0","repaymentDate":"2019-01-13 12:00:36","actualRepaymentDate":null,"status":"0"},{"id":null,"investId":"6","createTime":"2018-12-13 12:00:36","terms":"2","unfinishedInterest":"1.0","unfinishedPrincipal":"0","repaymentDate":"2019-02-13 12:00:36","actualRepaymentDate":null,"status":"0"},{"id":null,"investId":"6","createTime":"2018-12-13 12:00:36","terms":"3","unfinishedInterest":"1.0","unfinishedPrincipal":"100.00","repaymentDate":"2019-03-13 12:00:36","actualRepaymentDate":null,"status":"0"},{"id":null,"investId":"5","createTime":"2018-12-13 12:00:36","terms":"1","unfinishedInterest":"1.0","unfinishedPrincipal":"0","repaymentDate":"2019-01-13 12:00:36","actualRepaymentDate":null,"status":"0"},{"id":null,"investId":"5","createTime":"2018-12-13 12:00:36","terms":"2","unfinishedInterest":"1.0","unfinishedPrincipal":"0","repaymentDate":"2019-02-13 12:00:36","actualRepaymentDate":null,"status":"0"},{"id":null,"investId":"5","createTime":"2018-12-13 12:00:36","terms":"3","unfinishedInterest":"1.0","unfinishedPrincipal":"100.00","repaymentDate":"2019-03-13 12:00:36","actualRepaymentDate":null,"status":"0"},{"id":null,"investId":"4","createTime":"2018-12-13 12:00:36","terms":"1","unfinishedInterest":"1.0","unfinishedPrincipal":"0","repaymentDate":"2019-01-13 12:00:36","actualRepaymentDate":null,"status":"0"},{"id":null,"investId":"4","createTime":"2018-12-13 12:00:36","terms":"2","unfinishedInterest":"1.0","unfinishedPrincipal":"0","repaymentDate":"2019-02-13 12:00:36","actualRepaymentDate":null,"status":"0"},{"id":null,"investId":"4","createTime":"2018-12-13 12:00:36","terms":"3","unfinishedInterest":"1.0","unfinishedPrincipal":"100.00","repaymentDate":"2019-03-13 12:00:36","actualRepaymentDate":null,"status":"0"},{"id":null,"investId":"3","createTime":"2018-12-13 12:00:36","terms":"1","unfinishedInterest":"1.0","unfinishedPrincipal":"0","repaymentDate":"2019-01-13 12:00:36","actualRepaymentDate":null,"status":"0"},{"id":null,"investId":"3","createTime":"2018-12-13 12:00:36","terms":"2","unfinishedInterest":"1.0","unfinishedPrincipal":"0","repaymentDate":"2019-02-13 12:00:36","actualRepaymentDate":null,"status":"0"},{"id":null,"investId":"3","createTime":"2018-12-13 12:00:36","terms":"3","unfinishedInterest":"1.0","unfinishedPrincipal":"100.00","repaymentDate":"2019-03-13 12:00:36","actualRepaymentDate":null,"status":"0"},{"id":null,"investId":"2","createTime":"2018-12-13 12:00:36","terms":"1","unfinishedInterest":"1.0","unfinishedPrincipal":"0","repaymentDate":"2019-01-13 12:00:36","actualRepaymentDate":null,"status":"0"},{"id":null,"investId":"2","createTime":"2018-12-13 12:00:36","terms":"2","unfinishedInterest":"1.0","unfinishedPrincipal":"0","repaymentDate":"2019-02-13 12:00:36","actualRepaymentDate":null,"status":"0"},{"id":null,"investId":"2","createTime":"2018-12-13 12:00:36","terms":"3","unfinishedInterest":"1.0","unfinishedPrincipal":"100.00","repaymentDate":"2019-03-13 12:00:36","actualRepaymentDate":null,"status":"0"},{"id":null,"investId":"1","createTime":"2018-12-13 12:00:36","terms":"1","unfinishedInterest":"1.0","unfinishedPrincipal":"0","repaymentDate":"2019-01-13 12:00:36","actualRepaymentDate":null,"status":"0"},{"id":null,"investId":"1","createTime":"2018-12-13 12:00:36","terms":"2","unfinishedInterest":"1.0","unfinishedPrincipal":"0","repaymentDate":"2019-02-13 12:00:36","actualRepaymentDate":null,"status":"0"},{"id":null,"investId":"1","createTime":"2018-12-13 12:00:36","terms":"3","unfinishedInterest":"1.0","unfinishedPrincipal":"100.00","repaymentDate":"2019-03-13 12:00:36","actualRepaymentDate":null,"status":"0"}],"msg":"生成回款计划成功"}]
	at org.testng.Assert.fail(Assert.java:94)
	at org.testng.Assert.failNotEquals(Assert.java:494)
	at org.testng.Assert.assertEquals(Assert.java:123)
	at org.testng.Assert.assertEquals(Assert.java:176)
	at org.testng.Assert.assertEquals(Assert.java:186)
	at com.lemon.api.auto.testCase.AllTestCase.f(AllTestCase.java:125)
	at sun.reflect.GeneratedMethodAccessor11.invoke(Unknown Source)
	at sun.reflect.DelegatingMethodAccessorImpl.invoke(Unknown Source)
	at java.lang.reflect.Method.invoke(Unknown Source)
	at org.testng.internal.MethodInvocationHelper.invokeMethod(MethodInvocationHelper.java:84)
	at org.testng.internal.Invoker.invokeMethod(Invoker.java:714)
	at org.testng.internal.Invoker.invokeTestMethod(Invoker.java:901)
	at org.testng.internal.Invoker.invokeTestMethods(Invoker.java:1231)
	at org.testng.internal.TestMethodWorker.invokeTestMethods(TestMethodWorker.java:127)
	at org.testng.internal.TestMethodWorker.run(TestMethodWorker.java:111)
	at org.testng.TestRunner.privateRun(TestRunner.java:767)
	at org.testng.TestRunner.run(TestRunner.java:617)
	at org.testng.SuiteRunner.runTest(SuiteRunner.java:348)
	at org.testng.SuiteRunner.runSequentially(SuiteRunner.java:343)
	at org.testng.SuiteRunner.privateRun(SuiteRunner.java:305)
	at org.testng.SuiteRunner.run(SuiteRunner.java:254)
	at org.testng.SuiteRunnerWorker.runSuite(SuiteRunnerWorker.java:52)
	at org.testng.SuiteRunnerWorker.run(SuiteRunnerWorker.java:86)
	at org.testng.TestNG.runSuitesSequentially(TestNG.java:1224)
	at org.testng.TestNG.runSuitesLocally(TestNG.java:1149)
	at org.testng.TestNG.run(TestNG.java:1057)
	at org.testng.remote.RemoteTestNG.run(RemoteTestNG.java:111)
	at org.testng.remote.RemoteTestNG.initAndRun(RemoteTestNG.java:204)
	at org.testng.remote.RemoteTestNG.main(RemoteTestNG.java:175)
]]>
    </failure>
  </testcase> <!-- f -->
</testsuite> <!-- Default test -->
