<?xml version="1.0" encoding="UTF-8"?>
<!-- Generated by org.testng.reporters.JUnitXMLReporter -->
<testsuite hostname="DESKTOP-NCVBLRV" name="lemon api auto testng" tests="28" failures="9" timestamp="15 Dec 2018 08:08:21 GMT" time="5.159" errors="0">
  <testcase name="f" time="2.595" classname="com.lemon.api.auto.testCase.AllTestCase">
    <failure type="java.lang.AssertionError" message="expected [{&amp;quot;status&amp;quot;:1,&amp;quot;code&amp;quot;:&amp;quot;10001&amp;quot;,&amp;quot;data&amp;quot;:null,&amp;quot;msg&amp;quot;:&amp;quot;注册成功&amp;quot;}] but found [{&amp;quot;status&amp;quot;:0,&amp;quot;code&amp;quot;:&amp;quot;20110&amp;quot;,&amp;quot;data&amp;quot;:null,&amp;quot;msg&amp;quot;:&amp;quot;手机号码已被注册&amp;quot;}]">
      <![CDATA[java.lang.AssertionError: expected [{"status":1,"code":"10001","data":null,"msg":"注册成功"}] but found [{"status":0,"code":"20110","data":null,"msg":"手机号码已被注册"}]
	at com.lemon.api.auto.testCase.AllTestCase.f(AllTestCase.java:125)
... Removed 29 stack frames]]>
    </failure>
  </testcase> <!-- f -->
  <testcase name="f" time="0.115" classname="com.lemon.api.auto.testCase.AllTestCase"/>
  <testcase name="f" time="0.029" classname="com.lemon.api.auto.testCase.AllTestCase"/>
  <testcase name="f" time="0.023" classname="com.lemon.api.auto.testCase.AllTestCase"/>
  <testcase name="f" time="0.026" classname="com.lemon.api.auto.testCase.AllTestCase"/>
  <testcase name="f" time="0.022" classname="com.lemon.api.auto.testCase.AllTestCase"/>
  <testcase name="f" time="0.032" classname="com.lemon.api.auto.testCase.AllTestCase"/>
  <testcase name="f" time="0.026" classname="com.lemon.api.auto.testCase.AllTestCase"/>
  <testcase name="f" time="0.032" classname="com.lemon.api.auto.testCase.AllTestCase">
    <failure type="java.lang.AssertionError" message="expected [{&amp;quot;status&amp;quot;:0,&amp;quot;code&amp;quot;:&amp;quot;20103&amp;quot;,data:null,&amp;quot;msg&amp;quot;:&amp;quot;手机号不能为空&amp;quot;}] but found [{&amp;quot;status&amp;quot;:0,&amp;quot;code&amp;quot;:&amp;quot;20103&amp;quot;,&amp;quot;data&amp;quot;:null,&amp;quot;msg&amp;quot;:&amp;quot;手机号不能为空&amp;quot;}]">
      <![CDATA[java.lang.AssertionError: expected [{"status":0,"code":"20103",data:null,"msg":"手机号不能为空"}] but found [{"status":0,"code":"20103","data":null,"msg":"手机号不能为空"}]
	at com.lemon.api.auto.testCase.AllTestCase.f(AllTestCase.java:125)
... Removed 29 stack frames]]>
    </failure>
  </testcase> <!-- f -->
  <testcase name="f" time="0.035" classname="com.lemon.api.auto.testCase.AllTestCase">
    <failure type="java.lang.AssertionError" message="expected [{&amp;quot;status&amp;quot;:0,&amp;quot;code&amp;quot;:&amp;quot;20111&amp;quot;,data:null,&amp;quot;msg&amp;quot;:&amp;quot;用户名或密码错误&amp;quot;}] but found [{&amp;quot;status&amp;quot;:0,&amp;quot;code&amp;quot;:&amp;quot;20111&amp;quot;,&amp;quot;data&amp;quot;:null,&amp;quot;msg&amp;quot;:&amp;quot;用户名或密码错误&amp;quot;}]">
      <![CDATA[java.lang.AssertionError: expected [{"status":0,"code":"20111",data:null,"msg":"用户名或密码错误"}] but found [{"status":0,"code":"20111","data":null,"msg":"用户名或密码错误"}]
	at com.lemon.api.auto.testCase.AllTestCase.f(AllTestCase.java:125)
... Removed 29 stack frames]]>
    </failure>
  </testcase> <!-- f -->
  <testcase name="f" time="0.042" classname="com.lemon.api.auto.testCase.AllTestCase">
    <failure type="java.lang.AssertionError" message="expected [{&amp;quot;status&amp;quot;:0,&amp;quot;code&amp;quot;:&amp;quot;20111&amp;quot;,data:null,&amp;quot;msg&amp;quot;:&amp;quot;用户名或密码错误&amp;quot;}] but found [{&amp;quot;status&amp;quot;:0,&amp;quot;code&amp;quot;:&amp;quot;20111&amp;quot;,&amp;quot;data&amp;quot;:null,&amp;quot;msg&amp;quot;:&amp;quot;用户名或密码错误&amp;quot;}]">
      <![CDATA[java.lang.AssertionError: expected [{"status":0,"code":"20111",data:null,"msg":"用户名或密码错误"}] but found [{"status":0,"code":"20111","data":null,"msg":"用户名或密码错误"}]
	at com.lemon.api.auto.testCase.AllTestCase.f(AllTestCase.java:125)
... Removed 29 stack frames]]>
    </failure>
  </testcase> <!-- f -->
  <testcase name="f" time="0.029" classname="com.lemon.api.auto.testCase.AllTestCase"/>
  <testcase name="f" time="0.028" classname="com.lemon.api.auto.testCase.AllTestCase"/>
  <testcase name="f" time="0.27" classname="com.lemon.api.auto.testCase.AllTestCase">
    <failure type="java.lang.AssertionError" message="expected [{&amp;quot;status&amp;quot;:1,&amp;quot;code&amp;quot;:&amp;quot;10001&amp;quot;,&amp;quot;data&amp;quot;:{&amp;quot;id&amp;quot;:80,&amp;quot;regname&amp;quot;:&amp;quot;tom&amp;quot;,&amp;quot;pwd&amp;quot;:&amp;quot;E10ADC3949BA59ABBE56E057F20F883E&amp;quot;,&amp;quot;mobilephone&amp;quot;:&amp;quot;13999999999&amp;quot;,&amp;quot;leaveamount&amp;quot;:&amp;quot;10000.00&amp;quot;,&amp;quot;type&amp;quot;:&amp;quot;1&amp;quot;,&amp;quot;regtime&amp;quot;:&amp;quot;2018-04-26 14:42:36.0&amp;quot;},&amp;quot;msg&amp;quot;:&amp;quot;充值成功&amp;quot;}] but found [{&amp;quot;status&amp;quot;:1,&amp;quot;code&amp;quot;:&amp;quot;10001&amp;quot;,&amp;quot;data&amp;quot;:{&amp;quot;id&amp;quot;:1,&amp;quot;regname&amp;quot;:&amp;quot;aabbcc&amp;quot;,&amp;quot;pwd&amp;quot;:&amp;quot;E10ADC3949BA59ABBE56E057F20F883E&amp;quot;,&amp;quot;mobilephone&amp;quot;:&amp;quot;13999999999&amp;quot;,&amp;quot;leaveamount&amp;quot;:&amp;quot;-800.00&amp;quot;,&amp;quot;type&amp;quot;:&amp;quot;1&amp;quot;,&amp;quot;regtime&amp;quot;:&amp;quot;2018-12-11 22:55:41.0&amp;quot;},&amp;quot;msg&amp;quot;:&amp;quot;充值成功&amp;quot;}]">
      <![CDATA[java.lang.AssertionError: expected [{"status":1,"code":"10001","data":{"id":80,"regname":"tom","pwd":"E10ADC3949BA59ABBE56E057F20F883E","mobilephone":"13999999999","leaveamount":"10000.00","type":"1","regtime":"2018-04-26 14:42:36.0"},"msg":"充值成功"}] but found [{"status":1,"code":"10001","data":{"id":1,"regname":"aabbcc","pwd":"E10ADC3949BA59ABBE56E057F20F883E","mobilephone":"13999999999","leaveamount":"-800.00","type":"1","regtime":"2018-12-11 22:55:41.0"},"msg":"充值成功"}]
	at com.lemon.api.auto.testCase.AllTestCase.f(AllTestCase.java:125)
... Removed 29 stack frames]]>
    </failure>
  </testcase> <!-- f -->
  <testcase name="f" time="0.023" classname="com.lemon.api.auto.testCase.AllTestCase"/>
  <testcase name="f" time="0.033" classname="com.lemon.api.auto.testCase.AllTestCase"/>
  <testcase name="f" time="0.027" classname="com.lemon.api.auto.testCase.AllTestCase"/>
  <testcase name="f" time="0.025" classname="com.lemon.api.auto.testCase.AllTestCase"/>
  <testcase name="f" time="0.026" classname="com.lemon.api.auto.testCase.AllTestCase">
    <failure type="java.lang.AssertionError" message="expected [{&amp;quot;status&amp;quot;:0,&amp;quot;code&amp;quot;:&amp;quot;20119&amp;quot;,&amp;quot;data&amp;quot;:null,&amp;quot;msg&amp;quot;:&amp;quot;余额不足，请修改提现额度&amp;quot;}] but found [{&amp;quot;status&amp;quot;:1,&amp;quot;code&amp;quot;:&amp;quot;20119&amp;quot;,&amp;quot;data&amp;quot;:null,&amp;quot;msg&amp;quot;:&amp;quot;余额不足，请修改提现额度&amp;quot;}]">
      <![CDATA[java.lang.AssertionError: expected [{"status":0,"code":"20119","data":null,"msg":"余额不足，请修改提现额度"}] but found [{"status":1,"code":"20119","data":null,"msg":"余额不足，请修改提现额度"}]
	at com.lemon.api.auto.testCase.AllTestCase.f(AllTestCase.java:125)
... Removed 28 stack frames]]>
    </failure>
  </testcase> <!-- f -->
  <testcase name="f" time="0.034" classname="com.lemon.api.auto.testCase.AllTestCase">
    <failure type="java.lang.AssertionError" message="expected [{&amp;quot;status&amp;quot;:0,&amp;quot;code&amp;quot;:&amp;quot;20117&amp;quot;,&amp;quot;data&amp;quot;:null,&amp;quot;msg&amp;quot;:&amp;quot;请输入范围在0到50万之间的正数金额&amp;quot;}] but found [{&amp;quot;status&amp;quot;:1,&amp;quot;code&amp;quot;:&amp;quot;20119&amp;quot;,&amp;quot;data&amp;quot;:null,&amp;quot;msg&amp;quot;:&amp;quot;余额不足，请修改提现额度&amp;quot;}]">
      <![CDATA[java.lang.AssertionError: expected [{"status":0,"code":"20117","data":null,"msg":"请输入范围在0到50万之间的正数金额"}] but found [{"status":1,"code":"20119","data":null,"msg":"余额不足，请修改提现额度"}]
	at com.lemon.api.auto.testCase.AllTestCase.f(AllTestCase.java:125)
... Removed 28 stack frames]]>
    </failure>
  </testcase> <!-- f -->
  <testcase name="f" time="0.026" classname="com.lemon.api.auto.testCase.AllTestCase">
    <failure type="java.lang.AssertionError" message="expected [{&amp;quot;status&amp;quot;:1,&amp;quot;code&amp;quot;:&amp;quot;10001&amp;quot;,&amp;quot;data&amp;quot;:null,&amp;quot;msg&amp;quot;:&amp;quot;提现成功&amp;quot;}] but found [{&amp;quot;status&amp;quot;:1,&amp;quot;code&amp;quot;:&amp;quot;20119&amp;quot;,&amp;quot;data&amp;quot;:null,&amp;quot;msg&amp;quot;:&amp;quot;余额不足，请修改提现额度&amp;quot;}]">
      <![CDATA[java.lang.AssertionError: expected [{"status":1,"code":"10001","data":null,"msg":"提现成功"}] but found [{"status":1,"code":"20119","data":null,"msg":"余额不足，请修改提现额度"}]
	at com.lemon.api.auto.testCase.AllTestCase.f(AllTestCase.java:125)
... Removed 28 stack frames]]>
    </failure>
  </testcase> <!-- f -->
  <testcase name="f" time="0.038" classname="com.lemon.api.auto.testCase.AllTestCase"/>
  <testcase name="f" time="0.114" classname="com.lemon.api.auto.testCase.AllTestCase"/>
  <testcase name="f" time="0.225" classname="com.lemon.api.auto.testCase.AllTestCase"/>
  <testcase name="f" time="0.152" classname="com.lemon.api.auto.testCase.AllTestCase"/>
  <testcase name="f" time="0.114" classname="com.lemon.api.auto.testCase.AllTestCase"/>
  <testcase name="f" time="0.128" classname="com.lemon.api.auto.testCase.AllTestCase"/>
  <testcase name="f" time="0.305" classname="com.lemon.api.auto.testCase.AllTestCase">
    <failure type="java.lang.AssertionError" message="expected [{&amp;quot;status&amp;quot;:1,&amp;quot;code&amp;quot;:&amp;quot;10001&amp;quot;,&amp;quot;data&amp;quot;:[{&amp;quot;id&amp;quot;:null,&amp;quot;investId&amp;quot;:&amp;quot;1&amp;quot;,&amp;quot;createTime&amp;quot;:&amp;quot;2018-04-27 12:24:01&amp;quot;,&amp;quot;terms&amp;quot;:&amp;quot;1&amp;quot;,&amp;quot;unfinishedInterest&amp;quot;:&amp;quot;1.0&amp;quot;,&amp;quot;unfinishedPrincipal&amp;quot;:&amp;quot;0&amp;quot;,&amp;quot;repaymentDate&amp;quot;:&amp;quot;2018-05-27 12:24:01&amp;quot;,&amp;quot;actualRepaymentDate&amp;quot;:null,&amp;quot;status&amp;quot;:&amp;quot;0&amp;quot;},{&amp;quot;id&amp;quot;:null,&amp;quot;investId&amp;quot;:&amp;quot;1&amp;quot;,&amp;quot;createTime&amp;quot;:&amp;quot;2018-04-27 12:24:01&amp;quot;,&amp;quot;terms&amp;quot;:&amp;quot;2&amp;quot;,&amp;quot;unfinishedInterest&amp;quot;:&amp;quot;1.0&amp;quot;,&amp;quot;unfinishedPrincipal&amp;quot;:&amp;quot;0&amp;quot;,&amp;quot;repaymentDate&amp;quot;:&amp;quot;2018-06-27 12:24:01&amp;quot;,&amp;quot;actualRepaymentDate&amp;quot;:null,&amp;quot;status&amp;quot;:&amp;quot;0&amp;quot;},{&amp;quot;id&amp;quot;:null,&amp;quot;investId&amp;quot;:&amp;quot;1&amp;quot;,&amp;quot;createTime&amp;quot;:&amp;quot;2018-04-27 12:24:01&amp;quot;,&amp;quot;terms&amp;quot;:&amp;quot;3&amp;quot;,&amp;quot;unfinishedInterest&amp;quot;:&amp;quot;1.0&amp;quot;,&amp;quot;unfinishedPrincipal&amp;quot;:&amp;quot;100.00&amp;quot;,&amp;quot;repaymentDate&amp;quot;:&amp;quot;2018-07-27 12:24:01&amp;quot;,&amp;quot;actualRepaymentDate&amp;quot;:null,&amp;quot;status&amp;quot;:&amp;quot;0&amp;quot;}],&amp;quot;msg&amp;quot;:&amp;quot;生成回款计划成功&amp;quot;}] but found [{&amp;quot;status&amp;quot;:1,&amp;quot;code&amp;quot;:&amp;quot;10001&amp;quot;,&amp;quot;data&amp;quot;:[{&amp;quot;id&amp;quot;:null,&amp;quot;investId&amp;quot;:&amp;quot;16&amp;quot;,&amp;quot;createTime&amp;quot;:&amp;quot;2018-12-15 16:08:21&amp;quot;,&amp;quot;terms&amp;quot;:&amp;quot;1&amp;quot;,&amp;quot;unfinishedInterest&amp;quot;:&amp;quot;1.0&amp;quot;,&amp;quot;unfinishedPrincipal&amp;quot;:&amp;quot;0&amp;quot;,&amp;quot;repaymentDate&amp;quot;:&amp;quot;2019-01-15 16:08:21&amp;quot;,&amp;quot;actualRepaymentDate&amp;quot;:null,&amp;quot;status&amp;quot;:&amp;quot;0&amp;quot;},{&amp;quot;id&amp;quot;:null,&amp;quot;investId&amp;quot;:&amp;quot;16&amp;quot;,&amp;quot;createTime&amp;quot;:&amp;quot;2018-12-15 16:08:21&amp;quot;,&amp;quot;terms&amp;quot;:&amp;quot;2&amp;quot;,&amp;quot;unfinishedInterest&amp;quot;:&amp;quot;1.0&amp;quot;,&amp;quot;unfinishedPrincipal&amp;quot;:&amp;quot;0&amp;quot;,&amp;quot;repaymentDate&amp;quot;:&amp;quot;2019-02-15 16:08:21&amp;quot;,&amp;quot;actualRepaymentDate&amp;quot;:null,&amp;quot;status&amp;quot;:&amp;quot;0&amp;quot;},{&amp;quot;id&amp;quot;:null,&amp;quot;investId&amp;quot;:&amp;quot;16&amp;quot;,&amp;quot;createTime&amp;quot;:&amp;quot;2018-12-15 16:08:21&amp;quot;,&amp;quot;terms&amp;quot;:&amp;quot;3&amp;quot;,&amp;quot;unfinishedInterest&amp;quot;:&amp;quot;1.0&amp;quot;,&amp;quot;unfinishedPrincipal&amp;quot;:&amp;quot;100.00&amp;quot;,&amp;quot;repaymentDate&amp;quot;:&amp;quot;2019-03-15 16:08:21&amp;quot;,&amp;quot;actualRepaymentDate&amp;quot;:null,&amp;quot;status&amp;quot;:&amp;quot;0&amp;quot;},{&amp;quot;id&amp;quot;:null,&amp;quot;investId&amp;quot;:&amp;quot;15&amp;quot;,&amp;quot;createTime&amp;quot;:&amp;quot;2018-12-15 16:08:21&amp;quot;,&amp;quot;terms&amp;quot;:&amp;quot;1&amp;quot;,&amp;quot;unfinishedInterest&amp;quot;:&amp;quot;1.0&amp;quot;,&amp;quot;unfinishedPrincipal&amp;quot;:&amp;quot;0&amp;quot;,&amp;quot;repaymentDate&amp;quot;:&amp;quot;2019-01-15 16:08:21&amp;quot;,&amp;quot;actualRepaymentDate&amp;quot;:null,&amp;quot;status&amp;quot;:&amp;quot;0&amp;quot;},{&amp;quot;id&amp;quot;:null,&amp;quot;investId&amp;quot;:&amp;quot;15&amp;quot;,&amp;quot;createTime&amp;quot;:&amp;quot;2018-12-15 16:08:21&amp;quot;,&amp;quot;terms&amp;quot;:&amp;quot;2&amp;quot;,&amp;quot;unfinishedInterest&amp;quot;:&amp;quot;1.0&amp;quot;,&amp;quot;unfinishedPrincipal&amp;quot;:&amp;quot;0&amp;quot;,&amp;quot;repaymentDate&amp;quot;:&amp;quot;2019-02-15 16:08:21&amp;quot;,&amp;quot;actualRepaymentDate&amp;quot;:null,&amp;quot;status&amp;quot;:&amp;quot;0&amp;quot;},{&amp;quot;id&amp;quot;:null,&amp;quot;investId&amp;quot;:&amp;quot;15&amp;quot;,&amp;quot;createTime&amp;quot;:&amp;quot;2018-12-15 16:08:21&amp;quot;,&amp;quot;terms&amp;quot;:&amp;quot;3&amp;quot;,&amp;quot;unfinishedInterest&amp;quot;:&amp;quot;1.0&amp;quot;,&amp;quot;unfinishedPrincipal&amp;quot;:&amp;quot;100.00&amp;quot;,&amp;quot;repaymentDate&amp;quot;:&amp;quot;2019-03-15 16:08:21&amp;quot;,&amp;quot;actualRepaymentDate&amp;quot;:null,&amp;quot;status&amp;quot;:&amp;quot;0&amp;quot;},{&amp;quot;id&amp;quot;:null,&amp;quot;investId&amp;quot;:&amp;quot;14&amp;quot;,&amp;quot;createTime&amp;quot;:&amp;quot;2018-12-15 16:08:21&amp;quot;,&amp;quot;terms&amp;quot;:&amp;quot;1&amp;quot;,&amp;quot;unfinishedInterest&amp;quot;:&amp;quot;1.0&amp;quot;,&amp;quot;unfinishedPrincipal&amp;quot;:&amp;quot;0&amp;quot;,&amp;quot;repaymentDate&amp;quot;:&amp;quot;2019-01-15 16:08:21&amp;quot;,&amp;quot;actualRepaymentDate&amp;quot;:null,&amp;quot;status&amp;quot;:&amp;quot;0&amp;quot;},{&amp;quot;id&amp;quot;:null,&amp;quot;investId&amp;quot;:&amp;quot;14&amp;quot;,&amp;quot;createTime&amp;quot;:&amp;quot;2018-12-15 16:08:21&amp;quot;,&amp;quot;terms&amp;quot;:&amp;quot;2&amp;quot;,&amp;quot;unfinishedInterest&amp;quot;:&amp;quot;1.0&amp;quot;,&amp;quot;unfinishedPrincipal&amp;quot;:&amp;quot;0&amp;quot;,&amp;quot;repaymentDate&amp;quot;:&amp;quot;2019-02-15 16:08:21&amp;quot;,&amp;quot;actualRepaymentDate&amp;quot;:null,&amp;quot;status&amp;quot;:&amp;quot;0&amp;quot;},{&amp;quot;id&amp;quot;:null,&amp;quot;investId&amp;quot;:&amp;quot;14&amp;quot;,&amp;quot;createTime&amp;quot;:&amp;quot;2018-12-15 16:08:21&amp;quot;,&amp;quot;terms&amp;quot;:&amp;quot;3&amp;quot;,&amp;quot;unfinishedInterest&amp;quot;:&amp;quot;1.0&amp;quot;,&amp;quot;unfinishedPrincipal&amp;quot;:&amp;quot;100.00&amp;quot;,&amp;quot;repaymentDate&amp;quot;:&amp;quot;2019-03-15 16:08:21&amp;quot;,&amp;quot;actualRepaymentDate&amp;quot;:null,&amp;quot;status&amp;quot;:&amp;quot;0&amp;quot;},{&amp;quot;id&amp;quot;:null,&amp;quot;investId&amp;quot;:&amp;quot;13&amp;quot;,&amp;quot;createTime&amp;quot;:&amp;quot;2018-12-15 16:08:21&amp;quot;,&amp;quot;terms&amp;quot;:&amp;quot;1&amp;quot;,&amp;quot;unfinishedInterest&amp;quot;:&amp;quot;1.0&amp;quot;,&amp;quot;unfinishedPrincipal&amp;quot;:&amp;quot;0&amp;quot;,&amp;quot;repaymentDate&amp;quot;:&amp;quot;2019-01-15 16:08:21&amp;quot;,&amp;quot;actualRepaymentDate&amp;quot;:null,&amp;quot;status&amp;quot;:&amp;quot;0&amp;quot;},{&amp;quot;id&amp;quot;:null,&amp;quot;investId&amp;quot;:&amp;quot;13&amp;quot;,&amp;quot;createTime&amp;quot;:&amp;quot;2018-12-15 16:08:21&amp;quot;,&amp;quot;terms&amp;quot;:&amp;quot;2&amp;quot;,&amp;quot;unfinishedInterest&amp;quot;:&amp;quot;1.0&amp;quot;,&amp;quot;unfinishedPrincipal&amp;quot;:&amp;quot;0&amp;quot;,&amp;quot;repaymentDate&amp;quot;:&amp;quot;2019-02-15 16:08:21&amp;quot;,&amp;quot;actualRepaymentDate&amp;quot;:null,&amp;quot;status&amp;quot;:&amp;quot;0&amp;quot;},{&amp;quot;id&amp;quot;:null,&amp;quot;investId&amp;quot;:&amp;quot;13&amp;quot;,&amp;quot;createTime&amp;quot;:&amp;quot;2018-12-15 16:08:21&amp;quot;,&amp;quot;terms&amp;quot;:&amp;quot;3&amp;quot;,&amp;quot;unfinishedInterest&amp;quot;:&amp;quot;1.0&amp;quot;,&amp;quot;unfinishedPrincipal&amp;quot;:&amp;quot;100.00&amp;quot;,&amp;quot;repaymentDate&amp;quot;:&amp;quot;2019-03-15 16:08:21&amp;quot;,&amp;quot;actualRepaymentDate&amp;quot;:null,&amp;quot;status&amp;quot;:&amp;quot;0&amp;quot;},{&amp;quot;id&amp;quot;:null,&amp;quot;investId&amp;quot;:&amp;quot;12&amp;quot;,&amp;quot;createTime&amp;quot;:&amp;quot;2018-12-15 16:08:21&amp;quot;,&amp;quot;terms&amp;quot;:&amp;quot;1&amp;quot;,&amp;quot;unfinishedInterest&amp;quot;:&amp;quot;1.0&amp;quot;,&amp;quot;unfinishedPrincipal&amp;quot;:&amp;quot;0&amp;quot;,&amp;quot;repaymentDate&amp;quot;:&amp;quot;2019-01-15 16:08:21&amp;quot;,&amp;quot;actualRepaymentDate&amp;quot;:null,&amp;quot;status&amp;quot;:&amp;quot;0&amp;quot;},{&amp;quot;id&amp;quot;:null,&amp;quot;investId&amp;quot;:&amp;quot;12&amp;quot;,&amp;quot;createTime&amp;quot;:&amp;quot;2018-12-15 16:08:21&amp;quot;,&amp;quot;terms&amp;quot;:&amp;quot;2&amp;quot;,&amp;quot;unfinishedInterest&amp;quot;:&amp;quot;1.0&amp;quot;,&amp;quot;unfinishedPrincipal&amp;quot;:&amp;quot;0&amp;quot;,&amp;quot;repaymentDate&amp;quot;:&amp;quot;2019-02-15 16:08:21&amp;quot;,&amp;quot;actualRepaymentDate&amp;quot;:null,&amp;quot;status&amp;quot;:&amp;quot;0&amp;quot;},{&amp;quot;id&amp;quot;:null,&amp;quot;investId&amp;quot;:&amp;quot;12&amp;quot;,&amp;quot;createTime&amp;quot;:&amp;quot;2018-12-15 16:08:21&amp;quot;,&amp;quot;terms&amp;quot;:&amp;quot;3&amp;quot;,&amp;quot;unfinishedInterest&amp;quot;:&amp;quot;1.0&amp;quot;,&amp;quot;unfinishedPrincipal&amp;quot;:&amp;quot;100.00&amp;quot;,&amp;quot;repaymentDate&amp;quot;:&amp;quot;2019-03-15 16:08:21&amp;quot;,&amp;quot;actualRepaymentDate&amp;quot;:null,&amp;quot;status&amp;quot;:&amp;quot;0&amp;quot;},{&amp;quot;id&amp;quot;:null,&amp;quot;investId&amp;quot;:&amp;quot;11&amp;quot;,&amp;quot;createTime&amp;quot;:&amp;quot;2018-12-15 16:08:21&amp;quot;,&amp;quot;terms&amp;quot;:&amp;quot;1&amp;quot;,&amp;quot;unfinishedInterest&amp;quot;:&amp;quot;1.0&amp;quot;,&amp;quot;unfinishedPrincipal&amp;quot;:&amp;quot;0&amp;quot;,&amp;quot;repaymentDate&amp;quot;:&amp;quot;2019-01-15 16:08:21&amp;quot;,&amp;quot;actualRepaymentDate&amp;quot;:null,&amp;quot;status&amp;quot;:&amp;quot;0&amp;quot;},{&amp;quot;id&amp;quot;:null,&amp;quot;investId&amp;quot;:&amp;quot;11&amp;quot;,&amp;quot;createTime&amp;quot;:&amp;quot;2018-12-15 16:08:21&amp;quot;,&amp;quot;terms&amp;quot;:&amp;quot;2&amp;quot;,&amp;quot;unfinishedInterest&amp;quot;:&amp;quot;1.0&amp;quot;,&amp;quot;unfinishedPrincipal&amp;quot;:&amp;quot;0&amp;quot;,&amp;quot;repaymentDate&amp;quot;:&amp;quot;2019-02-15 16:08:21&amp;quot;,&amp;quot;actualRepaymentDate&amp;quot;:null,&amp;quot;status&amp;quot;:&amp;quot;0&amp;quot;},{&amp;quot;id&amp;quot;:null,&amp;quot;investId&amp;quot;:&amp;quot;11&amp;quot;,&amp;quot;createTime&amp;quot;:&amp;quot;2018-12-15 16:08:21&amp;quot;,&amp;quot;terms&amp;quot;:&amp;quot;3&amp;quot;,&amp;quot;unfinishedInterest&amp;quot;:&amp;quot;1.0&amp;quot;,&amp;quot;unfinishedPrincipal&amp;quot;:&amp;quot;100.00&amp;quot;,&amp;quot;repaymentDate&amp;quot;:&amp;quot;2019-03-15 16:08:21&amp;quot;,&amp;quot;actualRepaymentDate&amp;quot;:null,&amp;quot;status&amp;quot;:&amp;quot;0&amp;quot;},{&amp;quot;id&amp;quot;:null,&amp;quot;investId&amp;quot;:&amp;quot;10&amp;quot;,&amp;quot;createTime&amp;quot;:&amp;quot;2018-12-15 16:08:21&amp;quot;,&amp;quot;terms&amp;quot;:&amp;quot;1&amp;quot;,&amp;quot;unfinishedInterest&amp;quot;:&amp;quot;1.0&amp;quot;,&amp;quot;unfinishedPrincipal&amp;quot;:&amp;quot;0&amp;quot;,&amp;quot;repaymentDate&amp;quot;:&amp;quot;2019-01-15 16:08:21&amp;quot;,&amp;quot;actualRepaymentDate&amp;quot;:null,&amp;quot;status&amp;quot;:&amp;quot;0&amp;quot;},{&amp;quot;id&amp;quot;:null,&amp;quot;investId&amp;quot;:&amp;quot;10&amp;quot;,&amp;quot;createTime&amp;quot;:&amp;quot;2018-12-15 16:08:21&amp;quot;,&amp;quot;terms&amp;quot;:&amp;quot;2&amp;quot;,&amp;quot;unfinishedInterest&amp;quot;:&amp;quot;1.0&amp;quot;,&amp;quot;unfinishedPrincipal&amp;quot;:&amp;quot;0&amp;quot;,&amp;quot;repaymentDate&amp;quot;:&amp;quot;2019-02-15 16:08:21&amp;quot;,&amp;quot;actualRepaymentDate&amp;quot;:null,&amp;quot;status&amp;quot;:&amp;quot;0&amp;quot;},{&amp;quot;id&amp;quot;:null,&amp;quot;investId&amp;quot;:&amp;quot;10&amp;quot;,&amp;quot;createTime&amp;quot;:&amp;quot;2018-12-15 16:08:21&amp;quot;,&amp;quot;terms&amp;quot;:&amp;quot;3&amp;quot;,&amp;quot;unfinishedInterest&amp;quot;:&amp;quot;1.0&amp;quot;,&amp;quot;unfinishedPrincipal&amp;quot;:&amp;quot;100.00&amp;quot;,&amp;quot;repaymentDate&amp;quot;:&amp;quot;2019-03-15 16:08:21&amp;quot;,&amp;quot;actualRepaymentDate&amp;quot;:null,&amp;quot;status&amp;quot;:&amp;quot;0&amp;quot;},{&amp;quot;id&amp;quot;:null,&amp;quot;investId&amp;quot;:&amp;quot;9&amp;quot;,&amp;quot;createTime&amp;quot;:&amp;quot;2018-12-15 16:08:21&amp;quot;,&amp;quot;terms&amp;quot;:&amp;quot;1&amp;quot;,&amp;quot;unfinishedInterest&amp;quot;:&amp;quot;1.0&amp;quot;,&amp;quot;unfinishedPrincipal&amp;quot;:&amp;quot;0&amp;quot;,&amp;quot;repaymentDate&amp;quot;:&amp;quot;2019-01-15 16:08:21&amp;quot;,&amp;quot;actualRepaymentDate&amp;quot;:null,&amp;quot;status&amp;quot;:&amp;quot;0&amp;quot;},{&amp;quot;id&amp;quot;:null,&amp;quot;investId&amp;quot;:&amp;quot;9&amp;quot;,&amp;quot;createTime&amp;quot;:&amp;quot;2018-12-15 16:08:21&amp;quot;,&amp;quot;terms&amp;quot;:&amp;quot;2&amp;quot;,&amp;quot;unfinishedInterest&amp;quot;:&amp;quot;1.0&amp;quot;,&amp;quot;unfinishedPrincipal&amp;quot;:&amp;quot;0&amp;quot;,&amp;quot;repaymentDate&amp;quot;:&amp;quot;2019-02-15 16:08:21&amp;quot;,&amp;quot;actualRepaymentDate&amp;quot;:null,&amp;quot;status&amp;quot;:&amp;quot;0&amp;quot;},{&amp;quot;id&amp;quot;:null,&amp;quot;investId&amp;quot;:&amp;quot;9&amp;quot;,&amp;quot;createTime&amp;quot;:&amp;quot;2018-12-15 16:08:21&amp;quot;,&amp;quot;terms&amp;quot;:&amp;quot;3&amp;quot;,&amp;quot;unfinishedInterest&amp;quot;:&amp;quot;1.0&amp;quot;,&amp;quot;unfinishedPrincipal&amp;quot;:&amp;quot;100.00&amp;quot;,&amp;quot;repaymentDate&amp;quot;:&amp;quot;2019-03-15 16:08:21&amp;quot;,&amp;quot;actualRepaymentDate&amp;quot;:null,&amp;quot;status&amp;quot;:&amp;quot;0&amp;quot;},{&amp;quot;id&amp;quot;:null,&amp;quot;investId&amp;quot;:&amp;quot;8&amp;quot;,&amp;quot;createTime&amp;quot;:&amp;quot;2018-12-15 16:08:21&amp;quot;,&amp;quot;terms&amp;quot;:&amp;quot;1&amp;quot;,&amp;quot;unfinishedInterest&amp;quot;:&amp;quot;1.0&amp;quot;,&amp;quot;unfinishedPrincipal&amp;quot;:&amp;quot;0&amp;quot;,&amp;quot;repaymentDate&amp;quot;:&amp;quot;2019-01-15 16:08:21&amp;quot;,&amp;quot;actualRepaymentDate&amp;quot;:null,&amp;quot;status&amp;quot;:&amp;quot;0&amp;quot;},{&amp;quot;id&amp;quot;:null,&amp;quot;investId&amp;quot;:&amp;quot;8&amp;quot;,&amp;quot;createTime&amp;quot;:&amp;quot;2018-12-15 16:08:21&amp;quot;,&amp;quot;terms&amp;quot;:&amp;quot;2&amp;quot;,&amp;quot;unfinishedInterest&amp;quot;:&amp;quot;1.0&amp;quot;,&amp;quot;unfinishedPrincipal&amp;quot;:&amp;quot;0&amp;quot;,&amp;quot;repaymentDate&amp;quot;:&amp;quot;2019-02-15 16:08:21&amp;quot;,&amp;quot;actualRepaymentDate&amp;quot;:null,&amp;quot;status&amp;quot;:&amp;quot;0&amp;quot;},{&amp;quot;id&amp;quot;:null,&amp;quot;investId&amp;quot;:&amp;quot;8&amp;quot;,&amp;quot;createTime&amp;quot;:&amp;quot;2018-12-15 16:08:21&amp;quot;,&amp;quot;terms&amp;quot;:&amp;quot;3&amp;quot;,&amp;quot;unfinishedInterest&amp;quot;:&amp;quot;1.0&amp;quot;,&amp;quot;unfinishedPrincipal&amp;quot;:&amp;quot;100.00&amp;quot;,&amp;quot;repaymentDate&amp;quot;:&amp;quot;2019-03-15 16:08:21&amp;quot;,&amp;quot;actualRepaymentDate&amp;quot;:null,&amp;quot;status&amp;quot;:&amp;quot;0&amp;quot;},{&amp;quot;id&amp;quot;:null,&amp;quot;investId&amp;quot;:&amp;quot;7&amp;quot;,&amp;quot;createTime&amp;quot;:&amp;quot;2018-12-15 16:08:21&amp;quot;,&amp;quot;terms&amp;quot;:&amp;quot;1&amp;quot;,&amp;quot;unfinishedInterest&amp;quot;:&amp;quot;1.0&amp;quot;,&amp;quot;unfinishedPrincipal&amp;quot;:&amp;quot;0&amp;quot;,&amp;quot;repaymentDate&amp;quot;:&amp;quot;2019-01-15 16:08:21&amp;quot;,&amp;quot;actualRepaymentDate&amp;quot;:null,&amp;quot;status&amp;quot;:&amp;quot;0&amp;quot;},{&amp;quot;id&amp;quot;:null,&amp;quot;investId&amp;quot;:&amp;quot;7&amp;quot;,&amp;quot;createTime&amp;quot;:&amp;quot;2018-12-15 16:08:21&amp;quot;,&amp;quot;terms&amp;quot;:&amp;quot;2&amp;quot;,&amp;quot;unfinishedInterest&amp;quot;:&amp;quot;1.0&amp;quot;,&amp;quot;unfinishedPrincipal&amp;quot;:&amp;quot;0&amp;quot;,&amp;quot;repaymentDate&amp;quot;:&amp;quot;2019-02-15 16:08:21&amp;quot;,&amp;quot;actualRepaymentDate&amp;quot;:null,&amp;quot;status&amp;quot;:&amp;quot;0&amp;quot;},{&amp;quot;id&amp;quot;:null,&amp;quot;investId&amp;quot;:&amp;quot;7&amp;quot;,&amp;quot;createTime&amp;quot;:&amp;quot;2018-12-15 16:08:21&amp;quot;,&amp;quot;terms&amp;quot;:&amp;quot;3&amp;quot;,&amp;quot;unfinishedInterest&amp;quot;:&amp;quot;1.0&amp;quot;,&amp;quot;unfinishedPrincipal&amp;quot;:&amp;quot;100.00&amp;quot;,&amp;quot;repaymentDate&amp;quot;:&amp;quot;2019-03-15 16:08:21&amp;quot;,&amp;quot;actualRepaymentDate&amp;quot;:null,&amp;quot;status&amp;quot;:&amp;quot;0&amp;quot;},{&amp;quot;id&amp;quot;:null,&amp;quot;investId&amp;quot;:&amp;quot;6&amp;quot;,&amp;quot;createTime&amp;quot;:&amp;quot;2018-12-15 16:08:21&amp;quot;,&amp;quot;terms&amp;quot;:&amp;quot;1&amp;quot;,&amp;quot;unfinishedInterest&amp;quot;:&amp;quot;1.0&amp;quot;,&amp;quot;unfinishedPrincipal&amp;quot;:&amp;quot;0&amp;quot;,&amp;quot;repaymentDate&amp;quot;:&amp;quot;2019-01-15 16:08:21&amp;quot;,&amp;quot;actualRepaymentDate&amp;quot;:null,&amp;quot;status&amp;quot;:&amp;quot;0&amp;quot;},{&amp;quot;id&amp;quot;:null,&amp;quot;investId&amp;quot;:&amp;quot;6&amp;quot;,&amp;quot;createTime&amp;quot;:&amp;quot;2018-12-15 16:08:21&amp;quot;,&amp;quot;terms&amp;quot;:&amp;quot;2&amp;quot;,&amp;quot;unfinishedInterest&amp;quot;:&amp;quot;1.0&amp;quot;,&amp;quot;unfinishedPrincipal&amp;quot;:&amp;quot;0&amp;quot;,&amp;quot;repaymentDate&amp;quot;:&amp;quot;2019-02-15 16:08:21&amp;quot;,&amp;quot;actualRepaymentDate&amp;quot;:null,&amp;quot;status&amp;quot;:&amp;quot;0&amp;quot;},{&amp;quot;id&amp;quot;:null,&amp;quot;investId&amp;quot;:&amp;quot;6&amp;quot;,&amp;quot;createTime&amp;quot;:&amp;quot;2018-12-15 16:08:21&amp;quot;,&amp;quot;terms&amp;quot;:&amp;quot;3&amp;quot;,&amp;quot;unfinishedInterest&amp;quot;:&amp;quot;1.0&amp;quot;,&amp;quot;unfinishedPrincipal&amp;quot;:&amp;quot;100.00&amp;quot;,&amp;quot;repaymentDate&amp;quot;:&amp;quot;2019-03-15 16:08:21&amp;quot;,&amp;quot;actualRepaymentDate&amp;quot;:null,&amp;quot;status&amp;quot;:&amp;quot;0&amp;quot;},{&amp;quot;id&amp;quot;:null,&amp;quot;investId&amp;quot;:&amp;quot;5&amp;quot;,&amp;quot;createTime&amp;quot;:&amp;quot;2018-12-15 16:08:21&amp;quot;,&amp;quot;terms&amp;quot;:&amp;quot;1&amp;quot;,&amp;quot;unfinishedInterest&amp;quot;:&amp;quot;1.0&amp;quot;,&amp;quot;unfinishedPrincipal&amp;quot;:&amp;quot;0&amp;quot;,&amp;quot;repaymentDate&amp;quot;:&amp;quot;2019-01-15 16:08:21&amp;quot;,&amp;quot;actualRepaymentDate&amp;quot;:null,&amp;quot;status&amp;quot;:&amp;quot;0&amp;quot;},{&amp;quot;id&amp;quot;:null,&amp;quot;investId&amp;quot;:&amp;quot;5&amp;quot;,&amp;quot;createTime&amp;quot;:&amp;quot;2018-12-15 16:08:21&amp;quot;,&amp;quot;terms&amp;quot;:&amp;quot;2&amp;quot;,&amp;quot;unfinishedInterest&amp;quot;:&amp;quot;1.0&amp;quot;,&amp;quot;unfinishedPrincipal&amp;quot;:&amp;quot;0&amp;quot;,&amp;quot;repaymentDate&amp;quot;:&amp;quot;2019-02-15 16:08:21&amp;quot;,&amp;quot;actualRepaymentDate&amp;quot;:null,&amp;quot;status&amp;quot;:&amp;quot;0&amp;quot;},{&amp;quot;id&amp;quot;:null,&amp;quot;investId&amp;quot;:&amp;quot;5&amp;quot;,&amp;quot;createTime&amp;quot;:&amp;quot;2018-12-15 16:08:21&amp;quot;,&amp;quot;terms&amp;quot;:&amp;quot;3&amp;quot;,&amp;quot;unfinishedInterest&amp;quot;:&amp;quot;1.0&amp;quot;,&amp;quot;unfinishedPrincipal&amp;quot;:&amp;quot;100.00&amp;quot;,&amp;quot;repaymentDate&amp;quot;:&amp;quot;2019-03-15 16:08:21&amp;quot;,&amp;quot;actualRepaymentDate&amp;quot;:null,&amp;quot;status&amp;quot;:&amp;quot;0&amp;quot;},{&amp;quot;id&amp;quot;:null,&amp;quot;investId&amp;quot;:&amp;quot;4&amp;quot;,&amp;quot;createTime&amp;quot;:&amp;quot;2018-12-15 16:08:21&amp;quot;,&amp;quot;terms&amp;quot;:&amp;quot;1&amp;quot;,&amp;quot;unfinishedInterest&amp;quot;:&amp;quot;1.0&amp;quot;,&amp;quot;unfinishedPrincipal&amp;quot;:&amp;quot;0&amp;quot;,&amp;quot;repaymentDate&amp;quot;:&amp;quot;2019-01-15 16:08:21&amp;quot;,&amp;quot;actualRepaymentDate&amp;quot;:null,&amp;quot;status&amp;quot;:&amp;quot;0&amp;quot;},{&amp;quot;id&amp;quot;:null,&amp;quot;investId&amp;quot;:&amp;quot;4&amp;quot;,&amp;quot;createTime&amp;quot;:&amp;quot;2018-12-15 16:08:21&amp;quot;,&amp;quot;terms&amp;quot;:&amp;quot;2&amp;quot;,&amp;quot;unfinishedInterest&amp;quot;:&amp;quot;1.0&amp;quot;,&amp;quot;unfinishedPrincipal&amp;quot;:&amp;quot;0&amp;quot;,&amp;quot;repaymentDate&amp;quot;:&amp;quot;2019-02-15 16:08:21&amp;quot;,&amp;quot;actualRepaymentDate&amp;quot;:null,&amp;quot;status&amp;quot;:&amp;quot;0&amp;quot;},{&amp;quot;id&amp;quot;:null,&amp;quot;investId&amp;quot;:&amp;quot;4&amp;quot;,&amp;quot;createTime&amp;quot;:&amp;quot;2018-12-15 16:08:21&amp;quot;,&amp;quot;terms&amp;quot;:&amp;quot;3&amp;quot;,&amp;quot;unfinishedInterest&amp;quot;:&amp;quot;1.0&amp;quot;,&amp;quot;unfinishedPrincipal&amp;quot;:&amp;quot;100.00&amp;quot;,&amp;quot;repaymentDate&amp;quot;:&amp;quot;2019-03-15 16:08:21&amp;quot;,&amp;quot;actualRepaymentDate&amp;quot;:null,&amp;quot;status&amp;quot;:&amp;quot;0&amp;quot;},{&amp;quot;id&amp;quot;:null,&amp;quot;investId&amp;quot;:&amp;quot;3&amp;quot;,&amp;quot;createTime&amp;quot;:&amp;quot;2018-12-15 16:08:21&amp;quot;,&amp;quot;terms&amp;quot;:&amp;quot;1&amp;quot;,&amp;quot;unfinishedInterest&amp;quot;:&amp;quot;1.0&amp;quot;,&amp;quot;unfinishedPrincipal&amp;quot;:&amp;quot;0&amp;quot;,&amp;quot;repaymentDate&amp;quot;:&amp;quot;2019-01-15 16:08:21&amp;quot;,&amp;quot;actualRepaymentDate&amp;quot;:null,&amp;quot;status&amp;quot;:&amp;quot;0&amp;quot;},{&amp;quot;id&amp;quot;:null,&amp;quot;investId&amp;quot;:&amp;quot;3&amp;quot;,&amp;quot;createTime&amp;quot;:&amp;quot;2018-12-15 16:08:21&amp;quot;,&amp;quot;terms&amp;quot;:&amp;quot;2&amp;quot;,&amp;quot;unfinishedInterest&amp;quot;:&amp;quot;1.0&amp;quot;,&amp;quot;unfinishedPrincipal&amp;quot;:&amp;quot;0&amp;quot;,&amp;quot;repaymentDate&amp;quot;:&amp;quot;2019-02-15 16:08:21&amp;quot;,&amp;quot;actualRepaymentDate&amp;quot;:null,&amp;quot;status&amp;quot;:&amp;quot;0&amp;quot;},{&amp;quot;id&amp;quot;:null,&amp;quot;investId&amp;quot;:&amp;quot;3&amp;quot;,&amp;quot;createTime&amp;quot;:&amp;quot;2018-12-15 16:08:21&amp;quot;,&amp;quot;terms&amp;quot;:&amp;quot;3&amp;quot;,&amp;quot;unfinishedInterest&amp;quot;:&amp;quot;1.0&amp;quot;,&amp;quot;unfinishedPrincipal&amp;quot;:&amp;quot;100.00&amp;quot;,&amp;quot;repaymentDate&amp;quot;:&amp;quot;2019-03-15 16:08:21&amp;quot;,&amp;quot;actualRepaymentDate&amp;quot;:null,&amp;quot;status&amp;quot;:&amp;quot;0&amp;quot;},{&amp;quot;id&amp;quot;:null,&amp;quot;investId&amp;quot;:&amp;quot;2&amp;quot;,&amp;quot;createTime&amp;quot;:&amp;quot;2018-12-15 16:08:21&amp;quot;,&amp;quot;terms&amp;quot;:&amp;quot;1&amp;quot;,&amp;quot;unfinishedInterest&amp;quot;:&amp;quot;1.0&amp;quot;,&amp;quot;unfinishedPrincipal&amp;quot;:&amp;quot;0&amp;quot;,&amp;quot;repaymentDate&amp;quot;:&amp;quot;2019-01-15 16:08:21&amp;quot;,&amp;quot;actualRepaymentDate&amp;quot;:null,&amp;quot;status&amp;quot;:&amp;quot;0&amp;quot;},{&amp;quot;id&amp;quot;:null,&amp;quot;investId&amp;quot;:&amp;quot;2&amp;quot;,&amp;quot;createTime&amp;quot;:&amp;quot;2018-12-15 16:08:21&amp;quot;,&amp;quot;terms&amp;quot;:&amp;quot;2&amp;quot;,&amp;quot;unfinishedInterest&amp;quot;:&amp;quot;1.0&amp;quot;,&amp;quot;unfinishedPrincipal&amp;quot;:&amp;quot;0&amp;quot;,&amp;quot;repaymentDate&amp;quot;:&amp;quot;2019-02-15 16:08:21&amp;quot;,&amp;quot;actualRepaymentDate&amp;quot;:null,&amp;quot;status&amp;quot;:&amp;quot;0&amp;quot;},{&amp;quot;id&amp;quot;:null,&amp;quot;investId&amp;quot;:&amp;quot;2&amp;quot;,&amp;quot;createTime&amp;quot;:&amp;quot;2018-12-15 16:08:21&amp;quot;,&amp;quot;terms&amp;quot;:&amp;quot;3&amp;quot;,&amp;quot;unfinishedInterest&amp;quot;:&amp;quot;1.0&amp;quot;,&amp;quot;unfinishedPrincipal&amp;quot;:&amp;quot;100.00&amp;quot;,&amp;quot;repaymentDate&amp;quot;:&amp;quot;2019-03-15 16:08:21&amp;quot;,&amp;quot;actualRepaymentDate&amp;quot;:null,&amp;quot;status&amp;quot;:&amp;quot;0&amp;quot;},{&amp;quot;id&amp;quot;:null,&amp;quot;investId&amp;quot;:&amp;quot;1&amp;quot;,&amp;quot;createTime&amp;quot;:&amp;quot;2018-12-15 16:08:21&amp;quot;,&amp;quot;terms&amp;quot;:&amp;quot;1&amp;quot;,&amp;quot;unfinishedInterest&amp;quot;:&amp;quot;1.0&amp;quot;,&amp;quot;unfinishedPrincipal&amp;quot;:&amp;quot;0&amp;quot;,&amp;quot;repaymentDate&amp;quot;:&amp;quot;2019-01-15 16:08:21&amp;quot;,&amp;quot;actualRepaymentDate&amp;quot;:null,&amp;quot;status&amp;quot;:&amp;quot;0&amp;quot;},{&amp;quot;id&amp;quot;:null,&amp;quot;investId&amp;quot;:&amp;quot;1&amp;quot;,&amp;quot;createTime&amp;quot;:&amp;quot;2018-12-15 16:08:21&amp;quot;,&amp;quot;terms&amp;quot;:&amp;quot;2&amp;quot;,&amp;quot;unfinishedInterest&amp;quot;:&amp;quot;1.0&amp;quot;,&amp;quot;unfinishedPrincipal&amp;quot;:&amp;quot;0&amp;quot;,&amp;quot;repaymentDate&amp;quot;:&amp;quot;2019-02-15 16:08:21&amp;quot;,&amp;quot;actualRepaymentDate&amp;quot;:null,&amp;quot;status&amp;quot;:&amp;quot;0&amp;quot;},{&amp;quot;id&amp;quot;:null,&amp;quot;investId&amp;quot;:&amp;quot;1&amp;quot;,&amp;quot;createTime&amp;quot;:&amp;quot;2018-12-15 16:08:21&amp;quot;,&amp;quot;terms&amp;quot;:&amp;quot;3&amp;quot;,&amp;quot;unfinishedInterest&amp;quot;:&amp;quot;1.0&amp;quot;,&amp;quot;unfinishedPrincipal&amp;quot;:&amp;quot;100.00&amp;quot;,&amp;quot;repaymentDate&amp;quot;:&amp;quot;2019-03-15 16:08:21&amp;quot;,&amp;quot;actualRepaymentDate&amp;quot;:null,&amp;quot;status&amp;quot;:&amp;quot;0&amp;quot;}],&amp;quot;msg&amp;quot;:&amp;quot;生成回款计划成功&amp;quot;}]">
      <![CDATA[java.lang.AssertionError: expected [{"status":1,"code":"10001","data":[{"id":null,"investId":"1","createTime":"2018-04-27 12:24:01","terms":"1","unfinishedInterest":"1.0","unfinishedPrincipal":"0","repaymentDate":"2018-05-27 12:24:01","actualRepaymentDate":null,"status":"0"},{"id":null,"investId":"1","createTime":"2018-04-27 12:24:01","terms":"2","unfinishedInterest":"1.0","unfinishedPrincipal":"0","repaymentDate":"2018-06-27 12:24:01","actualRepaymentDate":null,"status":"0"},{"id":null,"investId":"1","createTime":"2018-04-27 12:24:01","terms":"3","unfinishedInterest":"1.0","unfinishedPrincipal":"100.00","repaymentDate":"2018-07-27 12:24:01","actualRepaymentDate":null,"status":"0"}],"msg":"生成回款计划成功"}] but found [{"status":1,"code":"10001","data":[{"id":null,"investId":"16","createTime":"2018-12-15 16:08:21","terms":"1","unfinishedInterest":"1.0","unfinishedPrincipal":"0","repaymentDate":"2019-01-15 16:08:21","actualRepaymentDate":null,"status":"0"},{"id":null,"investId":"16","createTime":"2018-12-15 16:08:21","terms":"2","unfinishedInterest":"1.0","unfinishedPrincipal":"0","repaymentDate":"2019-02-15 16:08:21","actualRepaymentDate":null,"status":"0"},{"id":null,"investId":"16","createTime":"2018-12-15 16:08:21","terms":"3","unfinishedInterest":"1.0","unfinishedPrincipal":"100.00","repaymentDate":"2019-03-15 16:08:21","actualRepaymentDate":null,"status":"0"},{"id":null,"investId":"15","createTime":"2018-12-15 16:08:21","terms":"1","unfinishedInterest":"1.0","unfinishedPrincipal":"0","repaymentDate":"2019-01-15 16:08:21","actualRepaymentDate":null,"status":"0"},{"id":null,"investId":"15","createTime":"2018-12-15 16:08:21","terms":"2","unfinishedInterest":"1.0","unfinishedPrincipal":"0","repaymentDate":"2019-02-15 16:08:21","actualRepaymentDate":null,"status":"0"},{"id":null,"investId":"15","createTime":"2018-12-15 16:08:21","terms":"3","unfinishedInterest":"1.0","unfinishedPrincipal":"100.00","repaymentDate":"2019-03-15 16:08:21","actualRepaymentDate":null,"status":"0"},{"id":null,"investId":"14","createTime":"2018-12-15 16:08:21","terms":"1","unfinishedInterest":"1.0","unfinishedPrincipal":"0","repaymentDate":"2019-01-15 16:08:21","actualRepaymentDate":null,"status":"0"},{"id":null,"investId":"14","createTime":"2018-12-15 16:08:21","terms":"2","unfinishedInterest":"1.0","unfinishedPrincipal":"0","repaymentDate":"2019-02-15 16:08:21","actualRepaymentDate":null,"status":"0"},{"id":null,"investId":"14","createTime":"2018-12-15 16:08:21","terms":"3","unfinishedInterest":"1.0","unfinishedPrincipal":"100.00","repaymentDate":"2019-03-15 16:08:21","actualRepaymentDate":null,"status":"0"},{"id":null,"investId":"13","createTime":"2018-12-15 16:08:21","terms":"1","unfinishedInterest":"1.0","unfinishedPrincipal":"0","repaymentDate":"2019-01-15 16:08:21","actualRepaymentDate":null,"status":"0"},{"id":null,"investId":"13","createTime":"2018-12-15 16:08:21","terms":"2","unfinishedInterest":"1.0","unfinishedPrincipal":"0","repaymentDate":"2019-02-15 16:08:21","actualRepaymentDate":null,"status":"0"},{"id":null,"investId":"13","createTime":"2018-12-15 16:08:21","terms":"3","unfinishedInterest":"1.0","unfinishedPrincipal":"100.00","repaymentDate":"2019-03-15 16:08:21","actualRepaymentDate":null,"status":"0"},{"id":null,"investId":"12","createTime":"2018-12-15 16:08:21","terms":"1","unfinishedInterest":"1.0","unfinishedPrincipal":"0","repaymentDate":"2019-01-15 16:08:21","actualRepaymentDate":null,"status":"0"},{"id":null,"investId":"12","createTime":"2018-12-15 16:08:21","terms":"2","unfinishedInterest":"1.0","unfinishedPrincipal":"0","repaymentDate":"2019-02-15 16:08:21","actualRepaymentDate":null,"status":"0"},{"id":null,"investId":"12","createTime":"2018-12-15 16:08:21","terms":"3","unfinishedInterest":"1.0","unfinishedPrincipal":"100.00","repaymentDate":"2019-03-15 16:08:21","actualRepaymentDate":null,"status":"0"},{"id":null,"investId":"11","createTime":"2018-12-15 16:08:21","terms":"1","unfinishedInterest":"1.0","unfinishedPrincipal":"0","repaymentDate":"2019-01-15 16:08:21","actualRepaymentDate":null,"status":"0"},{"id":null,"investId":"11","createTime":"2018-12-15 16:08:21","terms":"2","unfinishedInterest":"1.0","unfinishedPrincipal":"0","repaymentDate":"2019-02-15 16:08:21","actualRepaymentDate":null,"status":"0"},{"id":null,"investId":"11","createTime":"2018-12-15 16:08:21","terms":"3","unfinishedInterest":"1.0","unfinishedPrincipal":"100.00","repaymentDate":"2019-03-15 16:08:21","actualRepaymentDate":null,"status":"0"},{"id":null,"investId":"10","createTime":"2018-12-15 16:08:21","terms":"1","unfinishedInterest":"1.0","unfinishedPrincipal":"0","repaymentDate":"2019-01-15 16:08:21","actualRepaymentDate":null,"status":"0"},{"id":null,"investId":"10","createTime":"2018-12-15 16:08:21","terms":"2","unfinishedInterest":"1.0","unfinishedPrincipal":"0","repaymentDate":"2019-02-15 16:08:21","actualRepaymentDate":null,"status":"0"},{"id":null,"investId":"10","createTime":"2018-12-15 16:08:21","terms":"3","unfinishedInterest":"1.0","unfinishedPrincipal":"100.00","repaymentDate":"2019-03-15 16:08:21","actualRepaymentDate":null,"status":"0"},{"id":null,"investId":"9","createTime":"2018-12-15 16:08:21","terms":"1","unfinishedInterest":"1.0","unfinishedPrincipal":"0","repaymentDate":"2019-01-15 16:08:21","actualRepaymentDate":null,"status":"0"},{"id":null,"investId":"9","createTime":"2018-12-15 16:08:21","terms":"2","unfinishedInterest":"1.0","unfinishedPrincipal":"0","repaymentDate":"2019-02-15 16:08:21","actualRepaymentDate":null,"status":"0"},{"id":null,"investId":"9","createTime":"2018-12-15 16:08:21","terms":"3","unfinishedInterest":"1.0","unfinishedPrincipal":"100.00","repaymentDate":"2019-03-15 16:08:21","actualRepaymentDate":null,"status":"0"},{"id":null,"investId":"8","createTime":"2018-12-15 16:08:21","terms":"1","unfinishedInterest":"1.0","unfinishedPrincipal":"0","repaymentDate":"2019-01-15 16:08:21","actualRepaymentDate":null,"status":"0"},{"id":null,"investId":"8","createTime":"2018-12-15 16:08:21","terms":"2","unfinishedInterest":"1.0","unfinishedPrincipal":"0","repaymentDate":"2019-02-15 16:08:21","actualRepaymentDate":null,"status":"0"},{"id":null,"investId":"8","createTime":"2018-12-15 16:08:21","terms":"3","unfinishedInterest":"1.0","unfinishedPrincipal":"100.00","repaymentDate":"2019-03-15 16:08:21","actualRepaymentDate":null,"status":"0"},{"id":null,"investId":"7","createTime":"2018-12-15 16:08:21","terms":"1","unfinishedInterest":"1.0","unfinishedPrincipal":"0","repaymentDate":"2019-01-15 16:08:21","actualRepaymentDate":null,"status":"0"},{"id":null,"investId":"7","createTime":"2018-12-15 16:08:21","terms":"2","unfinishedInterest":"1.0","unfinishedPrincipal":"0","repaymentDate":"2019-02-15 16:08:21","actualRepaymentDate":null,"status":"0"},{"id":null,"investId":"7","createTime":"2018-12-15 16:08:21","terms":"3","unfinishedInterest":"1.0","unfinishedPrincipal":"100.00","repaymentDate":"2019-03-15 16:08:21","actualRepaymentDate":null,"status":"0"},{"id":null,"investId":"6","createTime":"2018-12-15 16:08:21","terms":"1","unfinishedInterest":"1.0","unfinishedPrincipal":"0","repaymentDate":"2019-01-15 16:08:21","actualRepaymentDate":null,"status":"0"},{"id":null,"investId":"6","createTime":"2018-12-15 16:08:21","terms":"2","unfinishedInterest":"1.0","unfinishedPrincipal":"0","repaymentDate":"2019-02-15 16:08:21","actualRepaymentDate":null,"status":"0"},{"id":null,"investId":"6","createTime":"2018-12-15 16:08:21","terms":"3","unfinishedInterest":"1.0","unfinishedPrincipal":"100.00","repaymentDate":"2019-03-15 16:08:21","actualRepaymentDate":null,"status":"0"},{"id":null,"investId":"5","createTime":"2018-12-15 16:08:21","terms":"1","unfinishedInterest":"1.0","unfinishedPrincipal":"0","repaymentDate":"2019-01-15 16:08:21","actualRepaymentDate":null,"status":"0"},{"id":null,"investId":"5","createTime":"2018-12-15 16:08:21","terms":"2","unfinishedInterest":"1.0","unfinishedPrincipal":"0","repaymentDate":"2019-02-15 16:08:21","actualRepaymentDate":null,"status":"0"},{"id":null,"investId":"5","createTime":"2018-12-15 16:08:21","terms":"3","unfinishedInterest":"1.0","unfinishedPrincipal":"100.00","repaymentDate":"2019-03-15 16:08:21","actualRepaymentDate":null,"status":"0"},{"id":null,"investId":"4","createTime":"2018-12-15 16:08:21","terms":"1","unfinishedInterest":"1.0","unfinishedPrincipal":"0","repaymentDate":"2019-01-15 16:08:21","actualRepaymentDate":null,"status":"0"},{"id":null,"investId":"4","createTime":"2018-12-15 16:08:21","terms":"2","unfinishedInterest":"1.0","unfinishedPrincipal":"0","repaymentDate":"2019-02-15 16:08:21","actualRepaymentDate":null,"status":"0"},{"id":null,"investId":"4","createTime":"2018-12-15 16:08:21","terms":"3","unfinishedInterest":"1.0","unfinishedPrincipal":"100.00","repaymentDate":"2019-03-15 16:08:21","actualRepaymentDate":null,"status":"0"},{"id":null,"investId":"3","createTime":"2018-12-15 16:08:21","terms":"1","unfinishedInterest":"1.0","unfinishedPrincipal":"0","repaymentDate":"2019-01-15 16:08:21","actualRepaymentDate":null,"status":"0"},{"id":null,"investId":"3","createTime":"2018-12-15 16:08:21","terms":"2","unfinishedInterest":"1.0","unfinishedPrincipal":"0","repaymentDate":"2019-02-15 16:08:21","actualRepaymentDate":null,"status":"0"},{"id":null,"investId":"3","createTime":"2018-12-15 16:08:21","terms":"3","unfinishedInterest":"1.0","unfinishedPrincipal":"100.00","repaymentDate":"2019-03-15 16:08:21","actualRepaymentDate":null,"status":"0"},{"id":null,"investId":"2","createTime":"2018-12-15 16:08:21","terms":"1","unfinishedInterest":"1.0","unfinishedPrincipal":"0","repaymentDate":"2019-01-15 16:08:21","actualRepaymentDate":null,"status":"0"},{"id":null,"investId":"2","createTime":"2018-12-15 16:08:21","terms":"2","unfinishedInterest":"1.0","unfinishedPrincipal":"0","repaymentDate":"2019-02-15 16:08:21","actualRepaymentDate":null,"status":"0"},{"id":null,"investId":"2","createTime":"2018-12-15 16:08:21","terms":"3","unfinishedInterest":"1.0","unfinishedPrincipal":"100.00","repaymentDate":"2019-03-15 16:08:21","actualRepaymentDate":null,"status":"0"},{"id":null,"investId":"1","createTime":"2018-12-15 16:08:21","terms":"1","unfinishedInterest":"1.0","unfinishedPrincipal":"0","repaymentDate":"2019-01-15 16:08:21","actualRepaymentDate":null,"status":"0"},{"id":null,"investId":"1","createTime":"2018-12-15 16:08:21","terms":"2","unfinishedInterest":"1.0","unfinishedPrincipal":"0","repaymentDate":"2019-02-15 16:08:21","actualRepaymentDate":null,"status":"0"},{"id":null,"investId":"1","createTime":"2018-12-15 16:08:21","terms":"3","unfinishedInterest":"1.0","unfinishedPrincipal":"100.00","repaymentDate":"2019-03-15 16:08:21","actualRepaymentDate":null,"status":"0"}],"msg":"生成回款计划成功"}]
	at com.lemon.api.auto.testCase.AllTestCase.f(AllTestCase.java:125)
... Removed 28 stack frames]]>
    </failure>
  </testcase> <!-- f -->
</testsuite> <!-- lemon api auto testng -->
